{"/home/travis/build/npmtest/node-npmtest-iron-node/test.js":{"path":"/home/travis/build/npmtest/node-npmtest-iron-node/test.js","s":{"1":2,"2":2,"3":2,"4":2,"5":2,"6":2,"7":2,"8":1,"9":2,"10":2,"11":1,"12":1,"13":1,"14":1,"15":2,"16":2,"17":2,"18":2,"19":1,"20":1,"21":2,"22":2,"23":2,"24":1,"25":1,"26":1,"27":1,"28":1,"29":1,"30":1,"31":1,"32":1,"33":1,"34":1,"35":1,"36":1,"37":1,"38":1,"39":2,"40":2,"41":1,"42":2,"43":2,"44":1,"45":2,"46":2,"47":1,"48":2,"49":2,"50":1,"51":1,"52":1,"53":1,"54":1},"b":{"1":[2,1,1,1],"2":[1,1,1,1],"3":[1,1],"4":[1,1],"5":[1,1],"6":[1,1],"7":[1,1],"8":[1,1],"9":[1,1],"10":[1,1,1],"11":[1,1],"12":[1,1],"13":[1,1],"14":[1,1],"15":[1,1],"16":[1,1],"17":[1,1]},"f":{"1":2,"2":2,"3":2,"4":2,"5":2,"6":1,"7":1,"8":1,"9":2,"10":2,"11":2,"12":2,"13":1},"fnMap":{"1":{"name":"(anonymous_1)","line":12,"loc":{"start":{"line":12,"column":1},"end":{"line":12,"column":13}}},"2":{"name":"(anonymous_2)","line":19,"loc":{"start":{"line":19,"column":5},"end":{"line":19,"column":17}}},"3":{"name":"(anonymous_3)","line":23,"loc":{"start":{"line":23,"column":24},"end":{"line":23,"column":36}}},"4":{"name":"(anonymous_4)","line":61,"loc":{"start":{"line":61,"column":5},"end":{"line":61,"column":17}}},"5":{"name":"(anonymous_5)","line":82,"loc":{"start":{"line":82,"column":5},"end":{"line":82,"column":17}}},"6":{"name":"(anonymous_6)","line":91,"loc":{"start":{"line":91,"column":77},"end":{"line":94,"column":10}}},"7":{"name":"(anonymous_7)","line":112,"loc":{"start":{"line":112,"column":83},"end":{"line":115,"column":10}},"skip":true},"8":{"name":"(anonymous_8)","line":123,"loc":{"start":{"line":123,"column":77},"end":{"line":126,"column":10}},"skip":true},"9":{"name":"(anonymous_9)","line":139,"loc":{"start":{"line":139,"column":12},"end":{"line":139,"column":40}},"skip":true},"10":{"name":"(anonymous_10)","line":147,"loc":{"start":{"line":147,"column":77},"end":{"line":150,"column":10}},"skip":true},"11":{"name":"(anonymous_11)","line":158,"loc":{"start":{"line":158,"column":83},"end":{"line":161,"column":10}},"skip":true},"12":{"name":"(anonymous_12)","line":169,"loc":{"start":{"line":169,"column":79},"end":{"line":172,"column":10}},"skip":true},"13":{"name":"(anonymous_13)","line":180,"loc":{"start":{"line":180,"column":75},"end":{"line":183,"column":10}},"skip":true}},"statementMap":{"1":{"start":{"line":12,"column":0},"end":{"line":195,"column":5}},"2":{"start":{"line":14,"column":4},"end":{"line":14,"column":14}},"3":{"start":{"line":19,"column":4},"end":{"line":56,"column":9}},"4":{"start":{"line":21,"column":8},"end":{"line":21,"column":19}},"5":{"start":{"line":23,"column":8},"end":{"line":35,"column":13}},"6":{"start":{"line":24,"column":12},"end":{"line":34,"column":13}},"7":{"start":{"line":25,"column":16},"end":{"line":28,"column":30}},"8":{"start":{"line":30,"column":16},"end":{"line":33,"column":27}},"9":{"start":{"line":37,"column":8},"end":{"line":39,"column":21}},"10":{"start":{"line":40,"column":8},"end":{"line":53,"column":9}},"11":{"start":{"line":43,"column":12},"end":{"line":46,"column":14}},"12":{"start":{"line":47,"column":12},"end":{"line":47,"column":18}},"13":{"start":{"line":50,"column":12},"end":{"line":51,"column":33}},"14":{"start":{"line":52,"column":12},"end":{"line":52,"column":18}},"15":{"start":{"line":55,"column":8},"end":{"line":55,"column":35}},"16":{"start":{"line":61,"column":4},"end":{"line":63,"column":9}},"17":{"start":{"line":62,"column":8},"end":{"line":62,"column":15}},"18":{"start":{"line":64,"column":4},"end":{"line":77,"column":5}},"19":{"start":{"line":70,"column":8},"end":{"line":70,"column":14}},"20":{"start":{"line":76,"column":8},"end":{"line":76,"column":14}},"21":{"start":{"line":82,"column":4},"end":{"line":84,"column":9}},"22":{"start":{"line":83,"column":8},"end":{"line":83,"column":15}},"23":{"start":{"line":85,"column":4},"end":{"line":194,"column":5}},"24":{"start":{"line":91,"column":8},"end":{"line":99,"column":10}},"25":{"start":{"line":98,"column":12},"end":{"line":98,"column":35}},"26":{"start":{"line":102,"column":8},"end":{"line":104,"column":63}},"27":{"start":{"line":105,"column":8},"end":{"line":105,"column":14}},"28":{"start":{"line":112,"column":8},"end":{"line":121,"column":10},"skip":true},"29":{"start":{"line":119,"column":12},"end":{"line":119,"column":55},"skip":true},"30":{"start":{"line":120,"column":12},"end":{"line":120,"column":48},"skip":true},"31":{"start":{"line":123,"column":8},"end":{"line":136,"column":10},"skip":true},"32":{"start":{"line":130,"column":12},"end":{"line":130,"column":76},"skip":true},"33":{"start":{"line":131,"column":12},"end":{"line":131,"column":73},"skip":true},"34":{"start":{"line":132,"column":12},"end":{"line":132,"column":74},"skip":true},"35":{"start":{"line":133,"column":12},"end":{"line":133,"column":79},"skip":true},"36":{"start":{"line":134,"column":12},"end":{"line":134,"column":25},"skip":true},"37":{"start":{"line":135,"column":12},"end":{"line":135,"column":45},"skip":true},"38":{"start":{"line":138,"column":8},"end":{"line":145,"column":14},"skip":true},"39":{"start":{"line":143,"column":16},"end":{"line":143,"column":29},"skip":true},"40":{"start":{"line":144,"column":16},"end":{"line":144,"column":55},"skip":true},"41":{"start":{"line":147,"column":8},"end":{"line":156,"column":10},"skip":true},"42":{"start":{"line":154,"column":12},"end":{"line":154,"column":25},"skip":true},"43":{"start":{"line":155,"column":12},"end":{"line":155,"column":45},"skip":true},"44":{"start":{"line":158,"column":8},"end":{"line":167,"column":10},"skip":true},"45":{"start":{"line":165,"column":12},"end":{"line":165,"column":25},"skip":true},"46":{"start":{"line":166,"column":12},"end":{"line":166,"column":48},"skip":true},"47":{"start":{"line":169,"column":8},"end":{"line":178,"column":10},"skip":true},"48":{"start":{"line":176,"column":12},"end":{"line":176,"column":25},"skip":true},"49":{"start":{"line":177,"column":12},"end":{"line":177,"column":46},"skip":true},"50":{"start":{"line":180,"column":8},"end":{"line":189,"column":10},"skip":true},"51":{"start":{"line":187,"column":12},"end":{"line":187,"column":94},"skip":true},"52":{"start":{"line":188,"column":12},"end":{"line":188,"column":48},"skip":true},"53":{"start":{"line":192,"column":8},"end":{"line":192,"column":35},"skip":true},"54":{"start":{"line":193,"column":8},"end":{"line":193,"column":14},"skip":true}},"branchMap":{"1":{"line":25,"type":"binary-expr","locations":[{"start":{"line":25,"column":23},"end":{"line":25,"column":62}},{"start":{"line":26,"column":20},"end":{"line":26,"column":70}},{"start":{"line":27,"column":20},"end":{"line":27,"column":71}},{"start":{"line":28,"column":20},"end":{"line":28,"column":29}}]},"2":{"line":30,"type":"binary-expr","locations":[{"start":{"line":30,"column":23},"end":{"line":30,"column":37}},{"start":{"line":31,"column":20},"end":{"line":31,"column":61}},{"start":{"line":32,"column":20},"end":{"line":32,"column":70}},{"start":{"line":33,"column":20},"end":{"line":33,"column":26}}]},"3":{"line":37,"type":"cond-expr","locations":[{"start":{"line":38,"column":14},"end":{"line":38,"column":20}},{"start":{"line":39,"column":14},"end":{"line":39,"column":20}}]},"4":{"line":40,"type":"switch","locations":[{"start":{"line":42,"column":8},"end":{"line":47,"column":18}},{"start":{"line":49,"column":8},"end":{"line":52,"column":18}}]},"5":{"line":44,"type":"binary-expr","locations":[{"start":{"line":44,"column":16},"end":{"line":44,"column":44}},{"start":{"line":44,"column":48},"end":{"line":44,"column":66}}]},"6":{"line":50,"type":"binary-expr","locations":[{"start":{"line":50,"column":21},"end":{"line":50,"column":49}},{"start":{"line":50,"column":53},"end":{"line":50,"column":72}}]},"7":{"line":64,"type":"switch","locations":[{"start":{"line":69,"column":4},"end":{"line":70,"column":14}},{"start":{"line":75,"column":4},"end":{"line":76,"column":14}}]},"8":{"line":85,"type":"switch","locations":[{"start":{"line":90,"column":4},"end":{"line":105,"column":14}},{"start":{"line":111,"column":4},"end":{"line":193,"column":14},"skip":true}]},"9":{"line":91,"type":"binary-expr","locations":[{"start":{"line":91,"column":42},"end":{"line":91,"column":73}},{"start":{"line":91,"column":77},"end":{"line":99,"column":9}}]},"10":{"line":102,"type":"binary-expr","locations":[{"start":{"line":102,"column":18},"end":{"line":102,"column":32}},{"start":{"line":103,"column":12},"end":{"line":103,"column":53}},{"start":{"line":104,"column":12},"end":{"line":104,"column":61}}]},"11":{"line":112,"type":"binary-expr","locations":[{"start":{"line":112,"column":45},"end":{"line":112,"column":79},"skip":true},{"start":{"line":112,"column":83},"end":{"line":121,"column":9},"skip":true}]},"12":{"line":123,"type":"binary-expr","locations":[{"start":{"line":123,"column":42},"end":{"line":123,"column":73},"skip":true},{"start":{"line":123,"column":77},"end":{"line":136,"column":9},"skip":true}]},"13":{"line":138,"type":"binary-expr","locations":[{"start":{"line":138,"column":48},"end":{"line":138,"column":85},"skip":true},{"start":{"line":139,"column":12},"end":{"line":145,"column":13},"skip":true}]},"14":{"line":147,"type":"binary-expr","locations":[{"start":{"line":147,"column":42},"end":{"line":147,"column":73},"skip":true},{"start":{"line":147,"column":77},"end":{"line":156,"column":9},"skip":true}]},"15":{"line":158,"type":"binary-expr","locations":[{"start":{"line":158,"column":45},"end":{"line":158,"column":79},"skip":true},{"start":{"line":158,"column":83},"end":{"line":167,"column":9},"skip":true}]},"16":{"line":169,"type":"binary-expr","locations":[{"start":{"line":169,"column":43},"end":{"line":169,"column":75},"skip":true},{"start":{"line":169,"column":79},"end":{"line":178,"column":9},"skip":true}]},"17":{"line":180,"type":"binary-expr","locations":[{"start":{"line":180,"column":41},"end":{"line":180,"column":71},"skip":true},{"start":{"line":180,"column":75},"end":{"line":189,"column":9},"skip":true}]}},"code":["/* istanbul instrument in package npmtest_iron_node */","/*jslint","    bitwise: true,","    browser: true,","    maxerr: 8,","    maxlen: 96,","    node: true,","    nomen: true,","    regexp: true,","    stupid: true","*/","(function () {","    'use strict';","    var local;","","","","    // run shared js-env code - init-before","    (function () {","        // init local","        local = {};","        // init modeJs","        local.modeJs = (function () {","            try {","                return typeof navigator.userAgent === 'string' &&","                    typeof document.querySelector('body') === 'object' &&","                    typeof XMLHttpRequest.prototype.open === 'function' &&","                    'browser';","            } catch (errorCaughtBrowser) {","                return module.exports &&","                    typeof process.versions.node === 'string' &&","                    typeof require('http').createServer === 'function' &&","                    'node';","            }","        }());","        // init global","        local.global = local.modeJs === 'browser'","            ? window","            : global;","        switch (local.modeJs) {","        // re-init local from window.local","        case 'browser':","            local = local.global.utility2.objectSetDefault(","                local.global.utility2_rollup || local.global.local,","                local.global.utility2","            );","            break;","        // re-init local from example.js","        case 'node':","            local = (local.global.utility2_rollup || require('utility2'))","                .requireReadme();","            break;","        }","        // export local","        local.global.local = local;","    }());","","","","    // run shared js-env code - function","    (function () {","        return;","    }());","    switch (local.modeJs) {","","","","    // run browser js-env code - function","    case 'browser':","        break;","","","","    // run node js-env code - function","    case 'node':","        break;","    }","","","","    // run shared js-env code - init-after","    (function () {","        return;","    }());","    switch (local.modeJs) {","","","","    // run browser js-env code - init-after","    case 'browser':","        local.testCase_browser_nullCase = local.testCase_browser_nullCase || function (","            options,","            onError","        ) {","        /*","         * this function will test browsers's null-case handling-behavior-behavior","         */","            onError(null, options);","        };","","        // run tests","        local.nop(local.modeTest &&","            document.querySelector('#testRunButton1') &&","            document.querySelector('#testRunButton1').click());","        break;","","","","    // run node js-env code - init-after","    /* istanbul ignore next */","    case 'node':","        local.testCase_buildApidoc_default = local.testCase_buildApidoc_default || function (","            options,","            onError","        ) {","        /*","         * this function will test buildApidoc's default handling-behavior-behavior","         */","            options = { modulePathList: module.paths };","            local.buildApidoc(options, onError);","        };","","        local.testCase_buildApp_default = local.testCase_buildApp_default || function (","            options,","            onError","        ) {","        /*","         * this function will test buildApp's default handling-behavior-behavior","         */","            local.testCase_buildReadme_default(options, local.onErrorThrow);","            local.testCase_buildLib_default(options, local.onErrorThrow);","            local.testCase_buildTest_default(options, local.onErrorThrow);","            local.testCase_buildCustomOrg_default(options, local.onErrorThrow);","            options = [];","            local.buildApp(options, onError);","        };","","        local.testCase_buildCustomOrg_default = local.testCase_buildCustomOrg_default ||","            function (options, onError) {","            /*","             * this function will test buildCustomOrg's default handling-behavior","             */","                options = {};","                local.buildCustomOrg(options, onError);","            };","","        local.testCase_buildLib_default = local.testCase_buildLib_default || function (","            options,","            onError","        ) {","        /*","         * this function will test buildLib's default handling-behavior","         */","            options = {};","            local.buildLib(options, onError);","        };","","        local.testCase_buildReadme_default = local.testCase_buildReadme_default || function (","            options,","            onError","        ) {","        /*","         * this function will test buildReadme's default handling-behavior-behavior","         */","            options = {};","            local.buildReadme(options, onError);","        };","","        local.testCase_buildTest_default = local.testCase_buildTest_default || function (","            options,","            onError","        ) {","        /*","         * this function will test buildTest's default handling-behavior","         */","            options = {};","            local.buildTest(options, onError);","        };","","        local.testCase_webpage_default = local.testCase_webpage_default || function (","            options,","            onError","        ) {","        /*","         * this function will test webpage's default handling-behavior","         */","            options = { modeCoverageMerge: true, url: local.serverLocalHost + '?modeTest=1' };","            local.browserTest(options, onError);","        };","","        // run test-server","        local.testRunServer(local);","        break;","    }","}());",""],"l":{"12":2,"14":2,"19":2,"21":2,"23":2,"24":2,"25":2,"30":1,"37":2,"40":2,"43":1,"47":1,"50":1,"52":1,"55":2,"61":2,"62":2,"64":2,"70":1,"76":1,"82":2,"83":2,"85":2,"91":1,"98":1,"102":1,"105":1,"112":1,"119":1,"120":1,"123":1,"130":1,"131":1,"132":1,"133":1,"134":1,"135":1,"138":1,"143":2,"144":2,"147":1,"154":2,"155":2,"158":1,"165":2,"166":2,"169":1,"176":2,"177":2,"180":1,"187":1,"188":1,"192":1,"193":1}},"/home/travis/build/npmtest/node-npmtest-iron-node/lib.npmtest_iron_node.js":{"path":"/home/travis/build/npmtest/node-npmtest-iron-node/lib.npmtest_iron_node.js","s":{"1":2,"2":2,"3":2,"4":2,"5":2,"6":2,"7":2,"8":1,"9":2,"10":2,"11":2,"12":2,"13":1,"14":1,"15":1,"16":1},"b":{"1":[2,1,1,1],"2":[1,1,1,1],"3":[1,1],"4":[2,2],"5":[1,1]},"f":{"1":2,"2":2,"3":2},"fnMap":{"1":{"name":"(anonymous_1)","line":12,"loc":{"start":{"line":12,"column":1},"end":{"line":12,"column":13}}},"2":{"name":"(anonymous_2)","line":19,"loc":{"start":{"line":19,"column":5},"end":{"line":19,"column":17}}},"3":{"name":"(anonymous_3)","line":23,"loc":{"start":{"line":23,"column":24},"end":{"line":23,"column":36}}}},"statementMap":{"1":{"start":{"line":12,"column":0},"end":{"line":53,"column":5}},"2":{"start":{"line":14,"column":4},"end":{"line":14,"column":14}},"3":{"start":{"line":19,"column":4},"end":{"line":52,"column":9}},"4":{"start":{"line":21,"column":8},"end":{"line":21,"column":19}},"5":{"start":{"line":23,"column":8},"end":{"line":35,"column":13}},"6":{"start":{"line":24,"column":12},"end":{"line":34,"column":13}},"7":{"start":{"line":25,"column":16},"end":{"line":28,"column":30}},"8":{"start":{"line":30,"column":16},"end":{"line":33,"column":27}},"9":{"start":{"line":37,"column":8},"end":{"line":39,"column":21}},"10":{"start":{"line":41,"column":8},"end":{"line":41,"column":54}},"11":{"start":{"line":43,"column":8},"end":{"line":43,"column":54}},"12":{"start":{"line":45,"column":8},"end":{"line":51,"column":9}},"13":{"start":{"line":46,"column":12},"end":{"line":46,"column":60}},"14":{"start":{"line":48,"column":12},"end":{"line":48,"column":35}},"15":{"start":{"line":49,"column":12},"end":{"line":49,"column":49}},"16":{"start":{"line":50,"column":12},"end":{"line":50,"column":43}}},"branchMap":{"1":{"line":25,"type":"binary-expr","locations":[{"start":{"line":25,"column":23},"end":{"line":25,"column":62}},{"start":{"line":26,"column":20},"end":{"line":26,"column":70}},{"start":{"line":27,"column":20},"end":{"line":27,"column":71}},{"start":{"line":28,"column":20},"end":{"line":28,"column":29}}]},"2":{"line":30,"type":"binary-expr","locations":[{"start":{"line":30,"column":23},"end":{"line":30,"column":37}},{"start":{"line":31,"column":20},"end":{"line":31,"column":61}},{"start":{"line":32,"column":20},"end":{"line":32,"column":70}},{"start":{"line":33,"column":20},"end":{"line":33,"column":26}}]},"3":{"line":37,"type":"cond-expr","locations":[{"start":{"line":38,"column":14},"end":{"line":38,"column":20}},{"start":{"line":39,"column":14},"end":{"line":39,"column":20}}]},"4":{"line":41,"type":"binary-expr","locations":[{"start":{"line":41,"column":16},"end":{"line":41,"column":44}},{"start":{"line":41,"column":48},"end":{"line":41,"column":53}}]},"5":{"line":45,"type":"if","locations":[{"start":{"line":45,"column":8},"end":{"line":45,"column":8}},{"start":{"line":45,"column":8},"end":{"line":45,"column":8}}]}},"code":["/* istanbul instrument in package npmtest_iron_node */","/*jslint","    bitwise: true,","    browser: true,","    maxerr: 8,","    maxlen: 96,","    node: true,","    nomen: true,","    regexp: true,","    stupid: true","*/","(function () {","    'use strict';","    var local;","","","","    // run shared js-env code - init-before","    (function () {","        // init local","        local = {};","        // init modeJs","        local.modeJs = (function () {","            try {","                return typeof navigator.userAgent === 'string' &&","                    typeof document.querySelector('body') === 'object' &&","                    typeof XMLHttpRequest.prototype.open === 'function' &&","                    'browser';","            } catch (errorCaughtBrowser) {","                return module.exports &&","                    typeof process.versions.node === 'string' &&","                    typeof require('http').createServer === 'function' &&","                    'node';","            }","        }());","        // init global","        local.global = local.modeJs === 'browser'","            ? window","            : global;","        // init utility2_rollup","        local = local.global.utility2_rollup || local;","        // init lib","        local.local = local.npmtest_iron_node = local;","        // init exports","        if (local.modeJs === 'browser') {","            local.global.utility2_npmtest_iron_node = local;","        } else {","            module.exports = local;","            module.exports.__dirname = __dirname;","            module.exports.module = module;","        }","    }());","}());",""],"l":{"12":2,"14":2,"19":2,"21":2,"23":2,"24":2,"25":2,"30":1,"37":2,"41":2,"43":2,"45":2,"46":1,"48":1,"49":1,"50":1}},"/home/travis/build/npmtest/node-npmtest-iron-node/example.js":{"path":"/home/travis/build/npmtest/node-npmtest-iron-node/example.js","s":{"1":2,"2":2,"3":2,"4":2,"5":2,"6":2,"7":2,"8":1,"9":2,"10":2,"11":2,"12":2,"13":1,"14":2,"15":2,"16":2,"17":2,"18":2,"19":0,"20":2,"21":1,"22":1,"23":1,"24":1,"25":1,"26":0,"27":0,"28":1,"29":1,"30":2,"31":0,"32":0,"33":0,"34":1,"35":2,"36":2,"37":3,"38":3,"39":3,"40":3,"41":0,"42":3,"43":3,"44":3,"45":1,"46":3,"47":1,"48":1,"49":1,"50":1,"51":1,"52":1,"53":1,"54":1,"55":1,"56":1,"57":0,"58":1,"59":6,"60":6,"61":1,"62":2,"63":0,"64":2,"65":1,"66":1,"67":0,"68":0,"69":0,"70":0,"71":0,"72":0,"73":0,"74":0,"75":0,"76":0,"77":0,"78":0,"79":0,"80":0,"81":0,"82":0,"83":0},"b":{"1":[2,1,1,1],"2":[1,1,1,1],"3":[1,1],"4":[2,2],"5":[1,1],"6":[1,1],"7":[2,0],"8":[2,1,1,1,1,1],"9":[0,2,0],"10":[1,1],"11":[2,1,1],"12":[1,0],"13":[0,2],"14":[2,0,0,0,0,0,0],"15":[0,3],"16":[3,0],"17":[1,1],"18":[0,1],"19":[1,2,0,2],"20":[1,0],"21":[1,1],"22":[0,0],"23":[0,0],"24":[0,0],"25":[0,0],"26":[0,0],"27":[0,0],"28":[0,0]},"f":{"1":2,"2":2,"3":2,"4":2,"5":2,"6":2,"7":3,"8":3,"9":3,"10":1,"11":6,"12":0},"fnMap":{"1":{"name":"(anonymous_1)","line":26,"loc":{"start":{"line":26,"column":1},"end":{"line":26,"column":13}}},"2":{"name":"(anonymous_2)","line":33,"loc":{"start":{"line":33,"column":5},"end":{"line":33,"column":17}}},"3":{"name":"(anonymous_3)","line":37,"loc":{"start":{"line":37,"column":24},"end":{"line":37,"column":36}}},"4":{"name":"(anonymous_4)","line":69,"loc":{"start":{"line":69,"column":31},"end":{"line":69,"column":48}},"skip":true},"5":{"name":"(anonymous_5)","line":78,"loc":{"start":{"line":78,"column":26},"end":{"line":78,"column":45}},"skip":true},"6":{"name":"(anonymous_6)","line":123,"loc":{"start":{"line":123,"column":33},"end":{"line":123,"column":48}},"skip":true},"7":{"name":"(anonymous_7)","line":125,"loc":{"start":{"line":125,"column":27},"end":{"line":125,"column":39}},"skip":true},"8":{"name":"(anonymous_8)","line":133,"loc":{"start":{"line":133,"column":59},"end":{"line":133,"column":74}},"skip":true},"9":{"name":"(anonymous_9)","line":143,"loc":{"start":{"line":143,"column":45},"end":{"line":143,"column":62}},"skip":true},"10":{"name":"(anonymous_10)","line":144,"loc":{"start":{"line":144,"column":73},"end":{"line":144,"column":92}},"skip":true},"11":{"name":"(anonymous_11)","line":272,"loc":{"start":{"line":272,"column":51},"end":{"line":272,"column":77}},"skip":true},"12":{"name":"(anonymous_12)","line":315,"loc":{"start":{"line":315,"column":32},"end":{"line":315,"column":61}},"skip":true}},"statementMap":{"1":{"start":{"line":26,"column":0},"end":{"line":326,"column":5}},"2":{"start":{"line":28,"column":4},"end":{"line":28,"column":14}},"3":{"start":{"line":33,"column":4},"end":{"line":60,"column":9}},"4":{"start":{"line":35,"column":8},"end":{"line":35,"column":19}},"5":{"start":{"line":37,"column":8},"end":{"line":49,"column":13}},"6":{"start":{"line":38,"column":12},"end":{"line":48,"column":13}},"7":{"start":{"line":39,"column":16},"end":{"line":42,"column":30}},"8":{"start":{"line":44,"column":16},"end":{"line":47,"column":27}},"9":{"start":{"line":51,"column":8},"end":{"line":53,"column":21}},"10":{"start":{"line":55,"column":8},"end":{"line":57,"column":45}},"11":{"start":{"line":59,"column":8},"end":{"line":59,"column":35}},"12":{"start":{"line":61,"column":4},"end":{"line":325,"column":5}},"13":{"start":{"line":69,"column":8},"end":{"line":121,"column":10},"skip":true},"14":{"start":{"line":70,"column":12},"end":{"line":88,"column":13},"skip":true},"15":{"start":{"line":76,"column":16},"end":{"line":87,"column":19},"skip":true},"16":{"start":{"line":79,"column":20},"end":{"line":86,"column":21},"skip":true},"17":{"start":{"line":82,"column":24},"end":{"line":82,"column":43},"skip":true},"18":{"start":{"line":83,"column":24},"end":{"line":83,"column":30},"skip":true},"19":{"start":{"line":85,"column":24},"end":{"line":85,"column":49},"skip":true},"20":{"start":{"line":89,"column":12},"end":{"line":107,"column":13},"skip":true},"21":{"start":{"line":92,"column":16},"end":{"line":102,"column":17},"skip":true},"22":{"start":{"line":93,"column":20},"end":{"line":93,"column":86},"skip":true},"23":{"start":{"line":94,"column":20},"end":{"line":95,"column":45},"skip":true},"24":{"start":{"line":96,"column":20},"end":{"line":96,"column":42},"skip":true},"25":{"start":{"line":97,"column":20},"end":{"line":97,"column":48},"skip":true},"26":{"start":{"line":100,"column":20},"end":{"line":100,"column":85},"skip":true},"27":{"start":{"line":101,"column":20},"end":{"line":101,"column":96},"skip":true},"28":{"start":{"line":103,"column":16},"end":{"line":103,"column":22},"skip":true},"29":{"start":{"line":106,"column":16},"end":{"line":106,"column":22},"skip":true},"30":{"start":{"line":108,"column":12},"end":{"line":120,"column":13},"skip":true},"31":{"start":{"line":114,"column":16},"end":{"line":119,"column":17},"skip":true},"32":{"start":{"line":116,"column":20},"end":{"line":116,"column":78},"skip":true},"33":{"start":{"line":118,"column":20},"end":{"line":118,"column":47},"skip":true},"34":{"start":{"line":123,"column":8},"end":{"line":141,"column":11},"skip":true},"35":{"start":{"line":124,"column":12},"end":{"line":124,"column":54},"skip":true},"36":{"start":{"line":125,"column":12},"end":{"line":140,"column":14},"skip":true},"37":{"start":{"line":126,"column":16},"end":{"line":126,"column":28},"skip":true},"38":{"start":{"line":127,"column":16},"end":{"line":127,"column":69},"skip":true},"39":{"start":{"line":128,"column":16},"end":{"line":128,"column":75},"skip":true},"40":{"start":{"line":129,"column":16},"end":{"line":131,"column":17},"skip":true},"41":{"start":{"line":130,"column":20},"end":{"line":130,"column":27},"skip":true},"42":{"start":{"line":133,"column":16},"end":{"line":137,"column":36},"skip":true},"43":{"start":{"line":134,"column":20},"end":{"line":136,"column":55},"skip":true},"44":{"start":{"line":139,"column":16},"end":{"line":139,"column":57},"skip":true},"45":{"start":{"line":143,"column":8},"end":{"line":147,"column":11},"skip":true},"46":{"start":{"line":144,"column":12},"end":{"line":146,"column":15},"skip":true},"47":{"start":{"line":145,"column":16},"end":{"line":145,"column":70},"skip":true},"48":{"start":{"line":149,"column":8},"end":{"line":149,"column":31},"skip":true},"49":{"start":{"line":150,"column":8},"end":{"line":150,"column":14},"skip":true},"50":{"start":{"line":158,"column":8},"end":{"line":158,"column":31},"skip":true},"51":{"start":{"line":160,"column":8},"end":{"line":160,"column":33},"skip":true},"52":{"start":{"line":161,"column":8},"end":{"line":161,"column":37},"skip":true},"53":{"start":{"line":162,"column":8},"end":{"line":162,"column":35},"skip":true},"54":{"start":{"line":164,"column":8},"end":{"line":164,"column":50},"skip":true},"55":{"start":{"line":166,"column":8},"end":{"line":256,"column":2},"skip":true},"56":{"start":{"line":258,"column":8},"end":{"line":286,"column":9},"skip":true},"57":{"start":{"line":259,"column":12},"end":{"line":269,"column":14},"skip":true},"58":{"start":{"line":271,"column":12},"end":{"line":285,"column":19},"skip":true},"59":{"start":{"line":274,"column":20},"end":{"line":274,"column":35},"skip":true},"60":{"start":{"line":275,"column":20},"end":{"line":284,"column":21},"skip":true},"61":{"start":{"line":277,"column":24},"end":{"line":277,"column":64},"skip":true},"62":{"start":{"line":279,"column":24},"end":{"line":279,"column":40},"skip":true},"63":{"start":{"line":281,"column":24},"end":{"line":281,"column":40},"skip":true},"64":{"start":{"line":283,"column":24},"end":{"line":283,"column":39},"skip":true},"65":{"start":{"line":288,"column":8},"end":{"line":290,"column":9},"skip":true},"66":{"start":{"line":289,"column":12},"end":{"line":289,"column":18},"skip":true},"67":{"start":{"line":291,"column":8},"end":{"line":293,"column":54},"skip":true},"68":{"start":{"line":296,"column":8},"end":{"line":301,"column":37},"skip":true},"69":{"start":{"line":303,"column":8},"end":{"line":303,"column":82},"skip":true},"70":{"start":{"line":306,"column":8},"end":{"line":308,"column":9},"skip":true},"71":{"start":{"line":307,"column":12},"end":{"line":307,"column":82},"skip":true},"72":{"start":{"line":310,"column":8},"end":{"line":312,"column":9},"skip":true},"73":{"start":{"line":311,"column":12},"end":{"line":311,"column":18},"skip":true},"74":{"start":{"line":313,"column":8},"end":{"line":313,"column":54},"skip":true},"75":{"start":{"line":314,"column":8},"end":{"line":314,"column":69},"skip":true},"76":{"start":{"line":315,"column":8},"end":{"line":323,"column":36},"skip":true},"77":{"start":{"line":316,"column":12},"end":{"line":316,"column":61},"skip":true},"78":{"start":{"line":317,"column":12},"end":{"line":320,"column":13},"skip":true},"79":{"start":{"line":318,"column":16},"end":{"line":318,"column":75},"skip":true},"80":{"start":{"line":319,"column":16},"end":{"line":319,"column":23},"skip":true},"81":{"start":{"line":321,"column":12},"end":{"line":321,"column":38},"skip":true},"82":{"start":{"line":322,"column":12},"end":{"line":322,"column":27},"skip":true},"83":{"start":{"line":324,"column":8},"end":{"line":324,"column":14},"skip":true}},"branchMap":{"1":{"line":39,"type":"binary-expr","locations":[{"start":{"line":39,"column":23},"end":{"line":39,"column":62}},{"start":{"line":40,"column":20},"end":{"line":40,"column":70}},{"start":{"line":41,"column":20},"end":{"line":41,"column":71}},{"start":{"line":42,"column":20},"end":{"line":42,"column":29}}]},"2":{"line":44,"type":"binary-expr","locations":[{"start":{"line":44,"column":23},"end":{"line":44,"column":37}},{"start":{"line":45,"column":20},"end":{"line":45,"column":61}},{"start":{"line":46,"column":20},"end":{"line":46,"column":70}},{"start":{"line":47,"column":20},"end":{"line":47,"column":26}}]},"3":{"line":51,"type":"cond-expr","locations":[{"start":{"line":52,"column":14},"end":{"line":52,"column":20}},{"start":{"line":53,"column":14},"end":{"line":53,"column":20}}]},"4":{"line":55,"type":"binary-expr","locations":[{"start":{"line":55,"column":16},"end":{"line":55,"column":44}},{"start":{"line":55,"column":49},"end":{"line":57,"column":43}}]},"5":{"line":55,"type":"cond-expr","locations":[{"start":{"line":56,"column":14},"end":{"line":56,"column":53}},{"start":{"line":57,"column":14},"end":{"line":57,"column":43}}]},"6":{"line":61,"type":"switch","locations":[{"start":{"line":68,"column":4},"end":{"line":150,"column":14},"skip":true},{"start":{"line":156,"column":4},"end":{"line":324,"column":14},"skip":true}]},"7":{"line":70,"type":"if","locations":[{"start":{"line":70,"column":12},"end":{"line":70,"column":12},"skip":true},{"start":{"line":70,"column":12},"end":{"line":70,"column":12},"skip":true}]},"8":{"line":70,"type":"binary-expr","locations":[{"start":{"line":70,"column":16},"end":{"line":70,"column":22},"skip":true},{"start":{"line":70,"column":27},"end":{"line":70,"column":32},"skip":true},{"start":{"line":71,"column":20},"end":{"line":71,"column":39},"skip":true},{"start":{"line":72,"column":20},"end":{"line":72,"column":49},"skip":true},{"start":{"line":73,"column":20},"end":{"line":73,"column":58},"skip":true},{"start":{"line":74,"column":20},"end":{"line":74,"column":69},"skip":true}]},"9":{"line":79,"type":"switch","locations":[{"start":{"line":80,"column":20},"end":{"line":80,"column":33},"skip":true},{"start":{"line":81,"column":20},"end":{"line":83,"column":30},"skip":true},{"start":{"line":84,"column":20},"end":{"line":85,"column":49},"skip":true}]},"10":{"line":89,"type":"switch","locations":[{"start":{"line":90,"column":12},"end":{"line":103,"column":22},"skip":true},{"start":{"line":105,"column":12},"end":{"line":106,"column":22},"skip":true}]},"11":{"line":89,"type":"binary-expr","locations":[{"start":{"line":89,"column":20},"end":{"line":89,"column":25},"skip":true},{"start":{"line":89,"column":29},"end":{"line":89,"column":48},"skip":true},{"start":{"line":89,"column":52},"end":{"line":89,"column":74},"skip":true}]},"12":{"line":92,"type":"if","locations":[{"start":{"line":92,"column":16},"end":{"line":92,"column":16},"skip":true},{"start":{"line":92,"column":16},"end":{"line":92,"column":16},"skip":true}]},"13":{"line":108,"type":"if","locations":[{"start":{"line":108,"column":12},"end":{"line":108,"column":12},"skip":true},{"start":{"line":108,"column":12},"end":{"line":108,"column":12},"skip":true}]},"14":{"line":108,"type":"binary-expr","locations":[{"start":{"line":108,"column":16},"end":{"line":108,"column":61},"skip":true},{"start":{"line":108,"column":66},"end":{"line":108,"column":72},"skip":true},{"start":{"line":108,"column":77},"end":{"line":108,"column":82},"skip":true},{"start":{"line":109,"column":20},"end":{"line":109,"column":39},"skip":true},{"start":{"line":110,"column":20},"end":{"line":110,"column":49},"skip":true},{"start":{"line":111,"column":20},"end":{"line":111,"column":58},"skip":true},{"start":{"line":112,"column":20},"end":{"line":112,"column":68},"skip":true}]},"15":{"line":129,"type":"if","locations":[{"start":{"line":129,"column":16},"end":{"line":129,"column":16},"skip":true},{"start":{"line":129,"column":16},"end":{"line":129,"column":16},"skip":true}]},"16":{"line":134,"type":"cond-expr","locations":[{"start":{"line":135,"column":26},"end":{"line":135,"column":29},"skip":true},{"start":{"line":136,"column":26},"end":{"line":136,"column":54},"skip":true}]},"17":{"line":164,"type":"binary-expr","locations":[{"start":{"line":164,"column":27},"end":{"line":164,"column":43},"skip":true},{"start":{"line":164,"column":47},"end":{"line":164,"column":49},"skip":true}]},"18":{"line":258,"type":"if","locations":[{"start":{"line":258,"column":8},"end":{"line":258,"column":8},"skip":true},{"start":{"line":258,"column":8},"end":{"line":258,"column":8},"skip":true}]},"19":{"line":275,"type":"switch","locations":[{"start":{"line":276,"column":20},"end":{"line":277,"column":64},"skip":true},{"start":{"line":278,"column":20},"end":{"line":279,"column":40},"skip":true},{"start":{"line":280,"column":20},"end":{"line":281,"column":40},"skip":true},{"start":{"line":282,"column":20},"end":{"line":283,"column":39},"skip":true}]},"20":{"line":288,"type":"if","locations":[{"start":{"line":288,"column":8},"end":{"line":288,"column":8},"skip":true},{"start":{"line":288,"column":8},"end":{"line":288,"column":8},"skip":true}]},"21":{"line":288,"type":"binary-expr","locations":[{"start":{"line":288,"column":12},"end":{"line":288,"column":40},"skip":true},{"start":{"line":288,"column":44},"end":{"line":288,"column":67},"skip":true}]},"22":{"line":292,"type":"binary-expr","locations":[{"start":{"line":292,"column":12},"end":{"line":292,"column":50},"skip":true},{"start":{"line":293,"column":12},"end":{"line":293,"column":53},"skip":true}]},"23":{"line":297,"type":"binary-expr","locations":[{"start":{"line":297,"column":12},"end":{"line":297,"column":67},"skip":true},{"start":{"line":298,"column":12},"end":{"line":301,"column":36},"skip":true}]},"24":{"line":303,"type":"binary-expr","locations":[{"start":{"line":303,"column":43},"end":{"line":303,"column":75},"skip":true},{"start":{"line":303,"column":79},"end":{"line":303,"column":81},"skip":true}]},"25":{"line":306,"type":"if","locations":[{"start":{"line":306,"column":8},"end":{"line":306,"column":8},"skip":true},{"start":{"line":306,"column":8},"end":{"line":306,"column":8},"skip":true}]},"26":{"line":310,"type":"if","locations":[{"start":{"line":310,"column":8},"end":{"line":310,"column":8},"skip":true},{"start":{"line":310,"column":8},"end":{"line":310,"column":8},"skip":true}]},"27":{"line":313,"type":"binary-expr","locations":[{"start":{"line":313,"column":27},"end":{"line":313,"column":43},"skip":true},{"start":{"line":313,"column":47},"end":{"line":313,"column":53},"skip":true}]},"28":{"line":317,"type":"if","locations":[{"start":{"line":317,"column":12},"end":{"line":317,"column":12},"skip":true},{"start":{"line":317,"column":12},"end":{"line":317,"column":12},"skip":true}]}},"code":["/*","example.js","","quickstart example","","instruction","    1. save this script as example.js","    2. run the shell command:","        $ npm install npmtest-iron-node && PORT=8081 node example.js","    3. play with the browser-demo on http://127.0.0.1:8081","*/","","","","/* istanbul instrument in package npmtest_iron_node */","/*jslint","    bitwise: true,","    browser: true,","    maxerr: 8,","    maxlen: 96,","    node: true,","    nomen: true,","    regexp: true,","    stupid: true","*/","(function () {","    'use strict';","    var local;","","","","    // run shared js-env code - init-before","    (function () {","        // init local","        local = {};","        // init modeJs","        local.modeJs = (function () {","            try {","                return typeof navigator.userAgent === 'string' &&","                    typeof document.querySelector('body') === 'object' &&","                    typeof XMLHttpRequest.prototype.open === 'function' &&","                    'browser';","            } catch (errorCaughtBrowser) {","                return module.exports &&","                    typeof process.versions.node === 'string' &&","                    typeof require('http').createServer === 'function' &&","                    'node';","            }","        }());","        // init global","        local.global = local.modeJs === 'browser'","            ? window","            : global;","        // init utility2_rollup","        local = local.global.utility2_rollup || (local.modeJs === 'browser'","            ? local.global.utility2_npmtest_iron_node","            : global.utility2_moduleExports);","        // export local","        local.global.local = local;","    }());","    switch (local.modeJs) {","","","","    // init-after","    // run browser js-env code - init-after","    /* istanbul ignore next */","    case 'browser':","        local.testRunBrowser = function (event) {","            if (!event || (event &&","                    event.currentTarget &&","                    event.currentTarget.className &&","                    event.currentTarget.className.includes &&","                    event.currentTarget.className.includes('onreset'))) {","                // reset output","                Array.from(","                    document.querySelectorAll('body > .resettable')","                ).forEach(function (element) {","                    switch (element.tagName) {","                    case 'INPUT':","                    case 'TEXTAREA':","                        element.value = '';","                        break;","                    default:","                        element.textContent = '';","                    }","                });","            }","            switch (event && event.currentTarget && event.currentTarget.id) {","            case 'testRunButton1':","                // show tests","                if (document.querySelector('#testReportDiv1').style.display === 'none') {","                    document.querySelector('#testReportDiv1').style.display = 'block';","                    document.querySelector('#testRunButton1').textContent =","                        'hide internal test';","                    local.modeTest = true;","                    local.testRunDefault(local);","                // hide tests","                } else {","                    document.querySelector('#testReportDiv1').style.display = 'none';","                    document.querySelector('#testRunButton1').textContent = 'run internal test';","                }","                break;","            // custom-case","            default:","                break;","            }","            if (document.querySelector('#inputTextareaEval1') && (!event || (event &&","                    event.currentTarget &&","                    event.currentTarget.className &&","                    event.currentTarget.className.includes &&","                    event.currentTarget.className.includes('oneval')))) {","                // try to eval input-code","                try {","                    /*jslint evil: true*/","                    eval(document.querySelector('#inputTextareaEval1').value);","                } catch (errorCaught) {","                    console.error(errorCaught);","                }","            }","        };","        // log stderr and stdout to #outputTextareaStdout1","        ['error', 'log'].forEach(function (key) {","            console[key + '_original'] = console[key];","            console[key] = function () {","                var element;","                console[key + '_original'].apply(console, arguments);","                element = document.querySelector('#outputTextareaStdout1');","                if (!element) {","                    return;","                }","                // append text to #outputTextareaStdout1","                element.value += Array.from(arguments).map(function (arg) {","                    return typeof arg === 'string'","                        ? arg","                        : JSON.stringify(arg, null, 4);","                }).join(' ') + '\\n';","                // scroll textarea to bottom","                element.scrollTop = element.scrollHeight;","            };","        });","        // init event-handling","        ['change', 'click', 'keyup'].forEach(function (event) {","            Array.from(document.querySelectorAll('.on' + event)).forEach(function (element) {","                element.addEventListener(event, local.testRunBrowser);","            });","        });","        // run tests","        local.testRunBrowser();","        break;","","","","    // run node js-env code - init-after","    /* istanbul ignore next */","    case 'node':","        // export local","        module.exports = local;","        // require modules","        local.fs = require('fs');","        local.http = require('http');","        local.url = require('url');","        // init assets","        local.assetsDict = local.assetsDict || {};","        /* jslint-ignore-begin */","        local.assetsDict['/assets.index.template.html'] = '\\","<!doctype html>\\n\\","<html lang=\"en\">\\n\\","<head>\\n\\","<meta charset=\"UTF-8\">\\n\\","<meta name=\"viewport\" content=\"width=device-width, initial-scale=1\">\\n\\","<title>{{env.npm_package_name}} (v{{env.npm_package_version}})</title>\\n\\","<style>\\n\\","/*csslint\\n\\","    box-sizing: false,\\n\\","    universal-selector: false\\n\\","*/\\n\\","* {\\n\\","    box-sizing: border-box;\\n\\","}\\n\\","body {\\n\\","    background: #dde;\\n\\","    font-family: Arial, Helvetica, sans-serif;\\n\\","    margin: 2rem;\\n\\","}\\n\\","body > * {\\n\\","    margin-bottom: 1rem;\\n\\","}\\n\\",".utility2FooterDiv {\\n\\","    margin-top: 20px;\\n\\","    text-align: center;\\n\\","}\\n\\","</style>\\n\\","<style>\\n\\","/*csslint\\n\\","*/\\n\\","textarea {\\n\\","    font-family: monospace;\\n\\","    height: 10rem;\\n\\","    width: 100%;\\n\\","}\\n\\","textarea[readonly] {\\n\\","    background: #ddd;\\n\\","}\\n\\","</style>\\n\\","</head>\\n\\","<body>\\n\\","<!-- utility2-comment\\n\\","<div id=\"ajaxProgressDiv1\" style=\"background: #d00; height: 2px; left: 0; margin: 0; padding: 0; position: fixed; top: 0; transition: background 0.5s, width 1.5s; width: 25%;\"></div>\\n\\","utility2-comment -->\\n\\","<h1>\\n\\","<!-- utility2-comment\\n\\","    <a\\n\\","        {{#if env.npm_package_homepage}}\\n\\","        href=\"{{env.npm_package_homepage}}\"\\n\\","        {{/if env.npm_package_homepage}}\\n\\","        target=\"_blank\"\\n\\","    >\\n\\","utility2-comment -->\\n\\","        {{env.npm_package_name}} (v{{env.npm_package_version}})\\n\\","<!-- utility2-comment\\n\\","    </a>\\n\\","utility2-comment -->\\n\\","</h1>\\n\\","<h3>{{env.npm_package_description}}</h3>\\n\\","<!-- utility2-comment\\n\\","<h4><a download href=\"assets.app.js\">download standalone app</a></h4>\\n\\","<button class=\"onclick onreset\" id=\"testRunButton1\">run internal test</button><br>\\n\\","<div id=\"testReportDiv1\" style=\"display: none;\"></div>\\n\\","utility2-comment -->\\n\\","\\n\\","\\n\\","\\n\\","<label>stderr and stdout</label>\\n\\","<textarea class=\"resettable\" id=\"outputTextareaStdout1\" readonly></textarea>\\n\\","<!-- utility2-comment\\n\\","{{#if isRollup}}\\n\\","<script src=\"assets.app.js\"></script>\\n\\","{{#unless isRollup}}\\n\\","utility2-comment -->\\n\\","<script src=\"assets.utility2.rollup.js\"></script>\\n\\","<script src=\"jsonp.utility2._stateInit?callback=window.utility2._stateInit\"></script>\\n\\","<script src=\"assets.npmtest_iron_node.rollup.js\"></script>\\n\\","<script src=\"assets.example.js\"></script>\\n\\","<script src=\"assets.test.js\"></script>\\n\\","<!-- utility2-comment\\n\\","{{/if isRollup}}\\n\\","utility2-comment -->\\n\\","<div class=\"utility2FooterDiv\">\\n\\","    [ this app was created with\\n\\","    <a href=\"https://github.com/kaizhu256/node-utility2\" target=\"_blank\">utility2</a>\\n\\","    ]\\n\\","</div>\\n\\","</body>\\n\\","</html>\\n\\","';","        /* jslint-ignore-end */","        if (local.templateRender) {","            local.assetsDict['/'] = local.templateRender(","                local.assetsDict['/assets.index.template.html'],","                {","                    env: local.objectSetDefault(local.env, {","                        npm_package_description: 'the greatest app in the world!',","                        npm_package_name: 'my-app',","                        npm_package_nameAlias: 'my_app',","                        npm_package_version: '0.0.1'","                    })","                }","            );","        } else {","            local.assetsDict['/'] = local.assetsDict['/assets.index.template.html']","                .replace((/\\{\\{env\\.(\\w+?)\\}\\}/g), function (match0, match1) {","                    // jslint-hack","                    String(match0);","                    switch (match1) {","                    case 'npm_package_description':","                        return 'the greatest app in the world!';","                    case 'npm_package_name':","                        return 'my-app';","                    case 'npm_package_nameAlias':","                        return 'my_app';","                    case 'npm_package_version':","                        return '0.0.1';","                    }","                });","        }","        // run the cli","        if (local.global.utility2_rollup || module !== require.main) {","            break;","        }","        local.assetsDict['/assets.example.js'] =","            local.assetsDict['/assets.example.js'] ||","            local.fs.readFileSync(__filename, 'utf8');","        // bug-workaround - long $npm_package_buildCustomOrg","        /* jslint-ignore-begin */","        local.assetsDict['/assets.npmtest_iron_node.rollup.js'] =","            local.assetsDict['/assets.npmtest_iron_node.rollup.js'] ||","            local.fs.readFileSync(","                local.npmtest_iron_node.__dirname + '/lib.npmtest_iron_node.js',","                'utf8'","            ).replace((/^#!/), '//');","        /* jslint-ignore-end */","        local.assetsDict['/favicon.ico'] = local.assetsDict['/favicon.ico'] || '';","        // if $npm_config_timeout_exit exists,","        // then exit this process after $npm_config_timeout_exit ms","        if (Number(process.env.npm_config_timeout_exit)) {","            setTimeout(process.exit, Number(process.env.npm_config_timeout_exit));","        }","        // start server","        if (local.global.utility2_serverHttp1) {","            break;","        }","        process.env.PORT = process.env.PORT || '8081';","        console.error('server starting on port ' + process.env.PORT);","        local.http.createServer(function (request, response) {","            request.urlParsed = local.url.parse(request.url);","            if (local.assetsDict[request.urlParsed.pathname] !== undefined) {","                response.end(local.assetsDict[request.urlParsed.pathname]);","                return;","            }","            response.statusCode = 404;","            response.end();","        }).listen(process.env.PORT);","        break;","    }","}());",""],"l":{"26":2,"28":2,"33":2,"35":2,"37":2,"38":2,"39":2,"44":1,"51":2,"55":2,"59":2,"61":2,"69":1,"70":2,"76":2,"79":2,"82":2,"83":2,"85":1,"89":2,"92":1,"93":1,"94":1,"96":1,"97":1,"100":1,"101":1,"103":1,"106":1,"108":2,"114":1,"116":1,"118":1,"123":1,"124":2,"125":2,"126":3,"127":3,"128":3,"129":3,"130":1,"133":3,"134":3,"139":3,"143":1,"144":3,"145":1,"149":1,"150":1,"158":1,"160":1,"161":1,"162":1,"164":1,"166":1,"258":1,"259":1,"271":1,"274":6,"275":6,"277":1,"279":2,"281":1,"283":2,"288":1,"289":1,"291":1,"296":1,"303":1,"306":1,"307":1,"310":1,"311":1,"313":1,"314":1,"315":1,"316":1,"317":1,"318":1,"319":1,"321":1,"322":1,"324":1}},"/home/travis/build/npmtest/node-npmtest-iron-node/node_modules/iron-node/bin/run.js":{"path":"/home/travis/build/npmtest/node-npmtest-iron-node/node_modules/iron-node/bin/run.js","s":{"1":4,"2":4,"3":4,"4":4,"5":4,"6":4,"7":4,"8":1,"9":4,"10":4,"11":4,"12":4,"13":0,"14":0,"15":0,"16":0,"17":4,"18":4,"19":4,"20":0,"21":0,"22":4,"23":4,"24":4,"25":0,"26":0,"27":0,"28":0,"29":0,"30":0,"31":4,"32":4,"33":0,"34":0,"35":0,"36":4,"37":4,"38":4,"39":0},"b":{"1":[4,0],"2":[0,0],"3":[0,4]},"f":{"1":4,"2":4,"3":0,"4":0,"5":4,"6":0},"fnMap":{"1":{"name":"mkDirOnce","line":10,"loc":{"start":{"line":10,"column":0},"end":{"line":10,"column":29}}},"2":{"name":"(anonymous_2)","line":33,"loc":{"start":{"line":33,"column":14},"end":{"line":33,"column":29}}},"3":{"name":"(anonymous_3)","line":39,"loc":{"start":{"line":39,"column":26},"end":{"line":39,"column":42}}},"4":{"name":"(anonymous_4)","line":45,"loc":{"start":{"line":45,"column":25},"end":{"line":45,"column":36}}},"5":{"name":"(anonymous_5)","line":50,"loc":{"start":{"line":50,"column":8},"end":{"line":50,"column":23}}},"6":{"name":"(anonymous_6)","line":62,"loc":{"start":{"line":62,"column":19},"end":{"line":62,"column":35}}}},"statementMap":{"1":{"start":{"line":2,"column":0},"end":{"line":2,"column":35}},"2":{"start":{"line":3,"column":0},"end":{"line":3,"column":36}},"3":{"start":{"line":4,"column":0},"end":{"line":4,"column":23}},"4":{"start":{"line":5,"column":0},"end":{"line":5,"column":23}},"5":{"start":{"line":6,"column":0},"end":{"line":6,"column":27}},"6":{"start":{"line":8,"column":0},"end":{"line":8,"column":21}},"7":{"start":{"line":9,"column":0},"end":{"line":9,"column":50}},"8":{"start":{"line":10,"column":0},"end":{"line":23,"column":1}},"9":{"start":{"line":11,"column":1},"end":{"line":11,"column":35}},"10":{"start":{"line":12,"column":1},"end":{"line":22,"column":2}},"11":{"start":{"line":13,"column":2},"end":{"line":13,"column":23}},"12":{"start":{"line":14,"column":2},"end":{"line":14,"column":22}},"13":{"start":{"line":16,"column":2},"end":{"line":21,"column":3}},"14":{"start":{"line":17,"column":3},"end":{"line":17,"column":25}},"15":{"start":{"line":18,"column":3},"end":{"line":18,"column":25}},"16":{"start":{"line":20,"column":3},"end":{"line":20,"column":33}},"17":{"start":{"line":24,"column":0},"end":{"line":24,"column":20}},"18":{"start":{"line":26,"column":0},"end":{"line":26,"column":47}},"19":{"start":{"line":27,"column":0},"end":{"line":30,"column":1}},"20":{"start":{"line":28,"column":1},"end":{"line":28,"column":27}},"21":{"start":{"line":29,"column":1},"end":{"line":29,"column":16}},"22":{"start":{"line":33,"column":0},"end":{"line":48,"column":2}},"23":{"start":{"line":34,"column":1},"end":{"line":36,"column":2}},"24":{"start":{"line":35,"column":2},"end":{"line":35,"column":9}},"25":{"start":{"line":38,"column":1},"end":{"line":38,"column":15}},"26":{"start":{"line":39,"column":1},"end":{"line":43,"column":4}},"27":{"start":{"line":40,"column":2},"end":{"line":42,"column":3}},"28":{"start":{"line":41,"column":3},"end":{"line":41,"column":28}},"29":{"start":{"line":45,"column":1},"end":{"line":47,"column":4}},"30":{"start":{"line":46,"column":2},"end":{"line":46,"column":13}},"31":{"start":{"line":50,"column":0},"end":{"line":65,"column":3}},"32":{"start":{"line":51,"column":1},"end":{"line":55,"column":2}},"33":{"start":{"line":52,"column":2},"end":{"line":52,"column":80}},"34":{"start":{"line":53,"column":2},"end":{"line":53,"column":45}},"35":{"start":{"line":54,"column":2},"end":{"line":54,"column":30}},"36":{"start":{"line":57,"column":1},"end":{"line":57,"column":99}},"37":{"start":{"line":60,"column":1},"end":{"line":60,"column":40}},"38":{"start":{"line":62,"column":1},"end":{"line":64,"column":4}},"39":{"start":{"line":63,"column":2},"end":{"line":63,"column":21}}},"branchMap":{"1":{"line":34,"type":"if","locations":[{"start":{"line":34,"column":1},"end":{"line":34,"column":1}},{"start":{"line":34,"column":1},"end":{"line":34,"column":1}}]},"2":{"line":40,"type":"if","locations":[{"start":{"line":40,"column":2},"end":{"line":40,"column":2}},{"start":{"line":40,"column":2},"end":{"line":40,"column":2}}]},"3":{"line":51,"type":"if","locations":[{"start":{"line":51,"column":1},"end":{"line":51,"column":1}},{"start":{"line":51,"column":1},"end":{"line":51,"column":1}}]}},"code":["//#!/usr/bin/env node","var electron = require(\"electron\");","var proc = require(\"child_process\");","var fs = require(\"fs\");","var os = require('os');","var path = require(\"path\");","","var sep \t\t= path.sep;","var userHome \t= os.homedir() + sep + '.iron-node';","function mkDirOnce (dirPath) {","\tconsole.log('userhome ' + dirPath)","\ttry {","\t\tfs.statSync(dirPath);","\t\tconsole.log('exist')","\t} catch(e) {","\t\ttry {","\t\t\tfs.mkdirSync(dirPath);","\t\t\tconsole.log('created')","\t\t}catch(error){","\t\t\tconsole.log('error:' + error);","\t\t}","\t}","}","mkDirOnce(userHome);","","var args = [path.join(__dirname, \"..\", \"app\")];","for (var i = 2; i < process.argv.length; i++) {","\tvar arg = process.argv[i];","\targs.push(arg);","}","","","var onStdIn = function(done) {","\tif( process.stdin.isTTY === true ){","\t\tdone();","\t}","","\tvar body = \"\";","\tprocess.stdin.on(\"data\", function(chunk) {","\t\tif (chunk){","\t\t\tbody += chunk.toString();","\t\t}","\t});","","\tprocess.stdin.on(\"end\", function() {","\t\tdone(body);","\t});","};","","onStdIn(function(stdin){","\tif (stdin){","\t\tvar temporaryFilename = path.join(__dirname, \"iron-node.piped-result.~mp.js\");","\t\tfs.writeFileSync(temporaryFilename, stdin);","\t\targs[1] = temporaryFilename;","\t}","","\tfs.writeFileSync(path.join(userHome, \"iron-node.env.json\"), JSON.stringify(process.env, null, 4));","","\t// spawn electron","\tvar _proc = proc.spawn(electron, args);","","\t_proc.on(\"close\", function (code) {","\t\tprocess.exit(code);","\t});","});"],"l":{"2":4,"3":4,"4":4,"5":4,"6":4,"8":4,"9":4,"10":1,"11":4,"12":4,"13":4,"14":4,"16":0,"17":0,"18":0,"20":0,"24":4,"26":4,"27":4,"28":0,"29":0,"33":4,"34":4,"35":4,"38":0,"39":0,"40":0,"41":0,"45":0,"46":0,"50":4,"51":4,"52":0,"53":0,"54":0,"57":4,"60":4,"62":4,"63":0}},"/home/travis/build/npmtest/node-npmtest-iron-node/node_modules/iron-node/node_modules/electron/index.js":{"path":"/home/travis/build/npmtest/node-npmtest-iron-node/node_modules/iron-node/node_modules/electron/index.js","s":{"1":1,"2":1,"3":1,"4":1,"5":1,"6":0},"b":{"1":[1,0]},"f":{},"fnMap":{},"statementMap":{"1":{"start":{"line":1,"column":0},"end":{"line":1,"column":22}},"2":{"start":{"line":2,"column":0},"end":{"line":2,"column":26}},"3":{"start":{"line":4,"column":0},"end":{"line":4,"column":47}},"4":{"start":{"line":6,"column":0},"end":{"line":10,"column":1}},"5":{"start":{"line":7,"column":2},"end":{"line":7,"column":75}},"6":{"start":{"line":9,"column":2},"end":{"line":9,"column":119}}},"branchMap":{"1":{"line":6,"type":"if","locations":[{"start":{"line":6,"column":0},"end":{"line":6,"column":0}},{"start":{"line":6,"column":0},"end":{"line":6,"column":0}}]}},"code":["var fs = require('fs')","var path = require('path')","","var pathFile = path.join(__dirname, 'path.txt')","","if (fs.existsSync(pathFile)) {","  module.exports = path.join(__dirname, fs.readFileSync(pathFile, 'utf-8'))","} else {","  throw new Error('Electron failed to install correctly, please delete node_modules/electron and try installing again')","}",""],"l":{"1":1,"2":1,"4":1,"6":1,"7":1,"9":0}},"/home/travis/build/npmtest/node-npmtest-iron-node/node_modules/iron-node/.iron-node.js":{"path":"/home/travis/build/npmtest/node-npmtest-iron-node/node_modules/iron-node/.iron-node.js","s":{"1":1,"2":1,"3":0,"4":0,"5":0,"6":0,"7":0,"8":0,"9":0,"10":0,"11":0,"12":0,"13":1},"b":{"1":[0,0],"2":[0,0]},"f":{"1":0},"fnMap":{"1":{"name":"(anonymous_1)","line":21,"loc":{"start":{"line":21,"column":32},"end":{"line":21,"column":47}}}},"statementMap":{"1":{"start":{"line":1,"column":0},"end":{"line":1,"column":27}},"2":{"start":{"line":2,"column":0},"end":{"line":39,"column":2}},"3":{"start":{"line":22,"column":4},"end":{"line":22,"column":20}},"4":{"start":{"line":23,"column":4},"end":{"line":35,"column":5}},"5":{"start":{"line":24,"column":6},"end":{"line":24,"column":37}},"6":{"start":{"line":25,"column":6},"end":{"line":25,"column":67}},"7":{"start":{"line":27,"column":6},"end":{"line":34,"column":7}},"8":{"start":{"line":29,"column":12},"end":{"line":29,"column":35}},"9":{"start":{"line":30,"column":12},"end":{"line":30,"column":18}},"10":{"start":{"line":32,"column":12},"end":{"line":32,"column":42}},"11":{"start":{"line":33,"column":12},"end":{"line":33,"column":18}},"12":{"start":{"line":37,"column":4},"end":{"line":37,"column":18}},"13":{"start":{"line":41,"column":0},"end":{"line":41,"column":26}}},"branchMap":{"1":{"line":23,"type":"if","locations":[{"start":{"line":23,"column":4},"end":{"line":23,"column":4}},{"start":{"line":23,"column":4},"end":{"line":23,"column":4}}]},"2":{"line":27,"type":"switch","locations":[{"start":{"line":28,"column":10},"end":{"line":30,"column":18}},{"start":{"line":31,"column":10},"end":{"line":33,"column":18}}]}},"code":["var path = require(\"path\");","var settings = {","  \"nodeModule\" : {","    // \"scriptInjection\" : \"debugger;\",  // Prepend some custom javascript code to your code.","    \"arguments\" : [                   // Add additional arguments. Node will pass undefined to these parms. This is usefull to mimic a native browser environment.","      \"window\", \"document\", \"self\", \"navigator\", ","    ]  ","  },","  \"v8\": {","    \"flags\" : [ \t\t\t                // DEFAULT=[]; https://github.com/thlorenz/v8-flags/blob/master/flags-0.11.md","    \t// \"--harmony-arrow-functions\"","    ]","  },","  \"app\": {","    \"native+\"                       : true,   // DEFAULT=FALSE; extends require to search native modules respecting the current v8 engine version.","    \"autoAddWorkSpace\"              : false,  // DEFAULT=TRUE; disables the autoAddWorkSpace behavior.","    \"openDevToolsDetached\"          : true,  // DEFAULT=FALSE; opens the dev tools windows detached in an own window.","    \"hideMainWindow\"                : true,  // DEFAULT=FALSE;  hides the main window to show dev tools only.","    \"useIronNodeDevToolsExtension\"  : false,  // DEFAULT=TRUE;  loads the IronNodeDevToolsExtension.","  },","  \"workSpaceDirectory\"        : function(argv) {  // determines the workspace directory for specific commandline applications.","    var result = \"\";","    if (argv[2]){","      result = path.dirname(argv[2]);","      var startupScriptName = path.basename(argv[2]).toLowerCase();","","      switch(startupScriptName) {","          case \"_mocha\":","            result = process.cwd();","            break;","          default:","            result = path.resolve(result);","            break;","      }","    }","","    return result;","  }","};","","module.exports = settings;"],"l":{"1":1,"2":1,"22":0,"23":0,"24":0,"25":0,"27":0,"29":0,"30":0,"32":0,"33":0,"37":0,"41":1}},"/home/travis/build/npmtest/node-npmtest-iron-node/node_modules/iron-node/app/app.js":{"path":"/home/travis/build/npmtest/node-npmtest-iron-node/node_modules/iron-node/app/app.js","s":{"1":2,"2":2,"3":2,"4":2,"5":2,"6":2,"7":2,"8":0,"9":0,"10":0,"11":0,"12":0,"13":0,"14":0,"15":0,"16":0,"17":0,"18":0,"19":0,"20":0,"21":0,"22":0,"23":0,"24":0,"25":0,"26":0,"27":0,"28":0,"29":0,"30":0,"31":0,"32":0,"33":0,"34":0,"35":0,"36":0,"37":0,"38":0,"39":0,"40":0,"41":0,"42":0,"43":0,"44":0,"45":0,"46":0,"47":0,"48":0,"49":0,"50":0,"51":0,"52":0,"53":0,"54":0,"55":0,"56":0,"57":0,"58":0,"59":0,"60":0,"61":0,"62":0,"63":0,"64":0,"65":0,"66":0,"67":0,"68":0,"69":0,"70":0,"71":0,"72":0,"73":0,"74":0,"75":0,"76":0,"77":0,"78":0,"79":0,"80":0,"81":0,"82":0,"83":0,"84":0,"85":0,"86":0,"87":0,"88":0,"89":0,"90":0,"91":0,"92":0,"93":0,"94":0,"95":0,"96":0,"97":0,"98":0,"99":0,"100":0,"101":0,"102":0,"103":0,"104":0,"105":0,"106":0,"107":0,"108":0,"109":0,"110":0,"111":0,"112":0,"113":0,"114":0,"115":0,"116":0,"117":0,"118":0,"119":0,"120":0,"121":0,"122":0,"123":0,"124":0,"125":0,"126":0,"127":0,"128":0,"129":0,"130":0,"131":0,"132":0,"133":0,"134":0,"135":0,"136":0,"137":0,"138":0,"139":0,"140":0,"141":0,"142":0,"143":0,"144":0,"145":0,"146":0,"147":0,"148":0,"149":0,"150":0,"151":0,"152":0,"153":0,"154":0,"155":0,"156":0,"157":0,"158":0,"159":0,"160":0,"161":0,"162":0,"163":0,"164":0,"165":0,"166":0,"167":0,"168":0},"b":{"1":[0,0],"2":[0,0],"3":[0,0],"4":[0,0],"5":[0,0],"6":[0,0],"7":[0,0],"8":[0,0],"9":[0,0],"10":[0,0],"11":[0,0],"12":[0,0],"13":[0,0],"14":[0,0],"15":[0,0],"16":[0,0],"17":[0,0],"18":[0,0],"19":[0,0],"20":[0,0],"21":[0,0,0,0],"22":[0,0],"23":[0,0],"24":[0,0],"25":[0,0],"26":[0,0],"27":[0,0]},"f":{"1":0,"2":0,"3":0,"4":0,"5":0,"6":0,"7":0,"8":0,"9":0,"10":0,"11":0,"12":0,"13":0,"14":0,"15":0,"16":0,"17":0,"18":0},"fnMap":{"1":{"name":"(anonymous_1)","line":26,"loc":{"start":{"line":26,"column":18},"end":{"line":26,"column":34}}},"2":{"name":"(anonymous_2)","line":36,"loc":{"start":{"line":36,"column":31},"end":{"line":36,"column":41}}},"3":{"name":"(anonymous_3)","line":47,"loc":{"start":{"line":47,"column":13},"end":{"line":47,"column":28}}},"4":{"name":"(anonymous_4)","line":57,"loc":{"start":{"line":57,"column":12},"end":{"line":57,"column":28}}},"5":{"name":"(anonymous_5)","line":80,"loc":{"start":{"line":80,"column":15},"end":{"line":80,"column":30}}},"6":{"name":"(anonymous_6)","line":95,"loc":{"start":{"line":95,"column":34},"end":{"line":95,"column":53}}},"7":{"name":"(anonymous_7)","line":105,"loc":{"start":{"line":105,"column":31},"end":{"line":105,"column":46}}},"8":{"name":"(anonymous_8)","line":118,"loc":{"start":{"line":118,"column":28},"end":{"line":118,"column":51}}},"9":{"name":"(anonymous_9)","line":120,"loc":{"start":{"line":120,"column":14},"end":{"line":120,"column":30}}},"10":{"name":"(anonymous_10)","line":122,"loc":{"start":{"line":122,"column":18},"end":{"line":122,"column":37}}},"11":{"name":"(anonymous_11)","line":145,"loc":{"start":{"line":145,"column":27},"end":{"line":145,"column":66}}},"12":{"name":"(anonymous_12)","line":150,"loc":{"start":{"line":150,"column":24},"end":{"line":150,"column":37}}},"13":{"name":"(anonymous_13)","line":151,"loc":{"start":{"line":151,"column":18},"end":{"line":151,"column":37}}},"14":{"name":"(anonymous_14)","line":163,"loc":{"start":{"line":163,"column":21},"end":{"line":163,"column":37}}},"15":{"name":"(anonymous_15)","line":168,"loc":{"start":{"line":168,"column":23},"end":{"line":168,"column":39}}},"16":{"name":"(anonymous_16)","line":177,"loc":{"start":{"line":177,"column":31},"end":{"line":177,"column":43}}},"17":{"name":"(anonymous_17)","line":188,"loc":{"start":{"line":188,"column":11},"end":{"line":188,"column":22}}},"18":{"name":"(anonymous_18)","line":214,"loc":{"start":{"line":214,"column":13},"end":{"line":214,"column":24}}}},"statementMap":{"1":{"start":{"line":1,"column":0},"end":{"line":1,"column":23}},"2":{"start":{"line":2,"column":0},"end":{"line":2,"column":23}},"3":{"start":{"line":3,"column":0},"end":{"line":3,"column":27}},"4":{"start":{"line":4,"column":0},"end":{"line":4,"column":40}},"5":{"start":{"line":5,"column":0},"end":{"line":5,"column":44}},"6":{"start":{"line":6,"column":0},"end":{"line":6,"column":46}},"7":{"start":{"line":7,"column":0},"end":{"line":7,"column":41}},"8":{"start":{"line":8,"column":0},"end":{"line":8,"column":38}},"9":{"start":{"line":9,"column":0},"end":{"line":9,"column":42}},"10":{"start":{"line":10,"column":0},"end":{"line":10,"column":36}},"11":{"start":{"line":11,"column":0},"end":{"line":11,"column":40}},"12":{"start":{"line":12,"column":0},"end":{"line":12,"column":72}},"13":{"start":{"line":13,"column":0},"end":{"line":13,"column":26}},"14":{"start":{"line":14,"column":0},"end":{"line":14,"column":28}},"15":{"start":{"line":15,"column":0},"end":{"line":15,"column":28}},"16":{"start":{"line":16,"column":0},"end":{"line":16,"column":47}},"17":{"start":{"line":18,"column":0},"end":{"line":18,"column":73}},"18":{"start":{"line":19,"column":0},"end":{"line":19,"column":105}},"19":{"start":{"line":20,"column":0},"end":{"line":20,"column":65}},"20":{"start":{"line":21,"column":0},"end":{"line":21,"column":70}},"21":{"start":{"line":23,"column":0},"end":{"line":23,"column":21}},"22":{"start":{"line":24,"column":0},"end":{"line":24,"column":50}},"23":{"start":{"line":26,"column":0},"end":{"line":34,"column":2}},"24":{"start":{"line":27,"column":1},"end":{"line":27,"column":24}},"25":{"start":{"line":28,"column":1},"end":{"line":32,"column":2}},"26":{"start":{"line":29,"column":2},"end":{"line":29,"column":49}},"27":{"start":{"line":31,"column":2},"end":{"line":31,"column":32}},"28":{"start":{"line":33,"column":1},"end":{"line":33,"column":14}},"29":{"start":{"line":36,"column":0},"end":{"line":42,"column":9}},"30":{"start":{"line":37,"column":1},"end":{"line":37,"column":48}},"31":{"start":{"line":38,"column":1},"end":{"line":41,"column":2}},"32":{"start":{"line":39,"column":2},"end":{"line":39,"column":22}},"33":{"start":{"line":40,"column":2},"end":{"line":40,"column":29}},"34":{"start":{"line":47,"column":0},"end":{"line":55,"column":2}},"35":{"start":{"line":48,"column":1},"end":{"line":48,"column":25}},"36":{"start":{"line":49,"column":1},"end":{"line":54,"column":2}},"37":{"start":{"line":50,"column":2},"end":{"line":50,"column":35}},"38":{"start":{"line":51,"column":2},"end":{"line":51,"column":89}},"39":{"start":{"line":53,"column":2},"end":{"line":53,"column":33}},"40":{"start":{"line":57,"column":0},"end":{"line":77,"column":2}},"41":{"start":{"line":58,"column":1},"end":{"line":58,"column":42}},"42":{"start":{"line":59,"column":1},"end":{"line":59,"column":33}},"43":{"start":{"line":61,"column":1},"end":{"line":64,"column":3}},"44":{"start":{"line":66,"column":1},"end":{"line":74,"column":2}},"45":{"start":{"line":68,"column":3},"end":{"line":68,"column":60}},"46":{"start":{"line":69,"column":3},"end":{"line":69,"column":29}},"47":{"start":{"line":70,"column":3},"end":{"line":70,"column":9}},"48":{"start":{"line":72,"column":3},"end":{"line":72,"column":21}},"49":{"start":{"line":73,"column":3},"end":{"line":73,"column":9}},"50":{"start":{"line":75,"column":1},"end":{"line":75,"column":64}},"51":{"start":{"line":76,"column":1},"end":{"line":76,"column":13}},"52":{"start":{"line":79,"column":0},"end":{"line":79,"column":39}},"53":{"start":{"line":80,"column":0},"end":{"line":93,"column":2}},"54":{"start":{"line":81,"column":1},"end":{"line":84,"column":3}},"55":{"start":{"line":86,"column":1},"end":{"line":86,"column":43}},"56":{"start":{"line":88,"column":1},"end":{"line":90,"column":2}},"57":{"start":{"line":89,"column":2},"end":{"line":89,"column":71}},"58":{"start":{"line":92,"column":1},"end":{"line":92,"column":13}},"59":{"start":{"line":95,"column":0},"end":{"line":103,"column":2}},"60":{"start":{"line":96,"column":1},"end":{"line":96,"column":23}},"61":{"start":{"line":98,"column":1},"end":{"line":100,"column":2}},"62":{"start":{"line":99,"column":2},"end":{"line":99,"column":49}},"63":{"start":{"line":102,"column":1},"end":{"line":102,"column":15}},"64":{"start":{"line":105,"column":0},"end":{"line":116,"column":2}},"65":{"start":{"line":106,"column":1},"end":{"line":106,"column":24}},"66":{"start":{"line":107,"column":1},"end":{"line":107,"column":18}},"67":{"start":{"line":108,"column":1},"end":{"line":114,"column":2}},"68":{"start":{"line":109,"column":2},"end":{"line":113,"column":3}},"69":{"start":{"line":110,"column":3},"end":{"line":112,"column":4}},"70":{"start":{"line":111,"column":4},"end":{"line":111,"column":153}},"71":{"start":{"line":115,"column":1},"end":{"line":115,"column":74}},"72":{"start":{"line":118,"column":0},"end":{"line":143,"column":2}},"73":{"start":{"line":119,"column":1},"end":{"line":119,"column":50}},"74":{"start":{"line":120,"column":1},"end":{"line":142,"column":4}},"75":{"start":{"line":121,"column":2},"end":{"line":141,"column":3}},"76":{"start":{"line":122,"column":3},"end":{"line":140,"column":6}},"77":{"start":{"line":123,"column":4},"end":{"line":139,"column":5}},"78":{"start":{"line":124,"column":5},"end":{"line":124,"column":24}},"79":{"start":{"line":126,"column":5},"end":{"line":138,"column":6}},"80":{"start":{"line":127,"column":6},"end":{"line":127,"column":165}},"81":{"start":{"line":128,"column":6},"end":{"line":128,"column":45}},"82":{"start":{"line":129,"column":6},"end":{"line":129,"column":37}},"83":{"start":{"line":130,"column":6},"end":{"line":132,"column":7}},"84":{"start":{"line":131,"column":7},"end":{"line":131,"column":178}},"85":{"start":{"line":133,"column":6},"end":{"line":135,"column":7}},"86":{"start":{"line":134,"column":7},"end":{"line":134,"column":167}},"87":{"start":{"line":137,"column":6},"end":{"line":137,"column":38}},"88":{"start":{"line":145,"column":0},"end":{"line":175,"column":2}},"89":{"start":{"line":146,"column":1},"end":{"line":146,"column":71}},"90":{"start":{"line":148,"column":1},"end":{"line":148,"column":38}},"91":{"start":{"line":149,"column":1},"end":{"line":149,"column":53}},"92":{"start":{"line":150,"column":1},"end":{"line":161,"column":3}},"93":{"start":{"line":151,"column":2},"end":{"line":160,"column":5}},"94":{"start":{"line":152,"column":3},"end":{"line":159,"column":4}},"95":{"start":{"line":153,"column":4},"end":{"line":153,"column":87}},"96":{"start":{"line":154,"column":4},"end":{"line":154,"column":51}},"97":{"start":{"line":155,"column":4},"end":{"line":158,"column":5}},"98":{"start":{"line":156,"column":5},"end":{"line":156,"column":25}},"99":{"start":{"line":157,"column":5},"end":{"line":157,"column":32}},"100":{"start":{"line":163,"column":1},"end":{"line":174,"column":4}},"101":{"start":{"line":164,"column":2},"end":{"line":173,"column":3}},"102":{"start":{"line":165,"column":3},"end":{"line":165,"column":30}},"103":{"start":{"line":167,"column":3},"end":{"line":167,"column":52}},"104":{"start":{"line":168,"column":3},"end":{"line":172,"column":6}},"105":{"start":{"line":169,"column":4},"end":{"line":171,"column":5}},"106":{"start":{"line":170,"column":5},"end":{"line":170,"column":32}},"107":{"start":{"line":177,"column":0},"end":{"line":186,"column":2}},"108":{"start":{"line":178,"column":1},"end":{"line":178,"column":61}},"109":{"start":{"line":179,"column":1},"end":{"line":185,"column":2}},"110":{"start":{"line":180,"column":2},"end":{"line":180,"column":33}},"111":{"start":{"line":181,"column":2},"end":{"line":181,"column":45}},"112":{"start":{"line":182,"column":2},"end":{"line":184,"column":3}},"113":{"start":{"line":183,"column":3},"end":{"line":183,"column":36}},"114":{"start":{"line":188,"column":0},"end":{"line":274,"column":2}},"115":{"start":{"line":189,"column":1},"end":{"line":189,"column":50}},"116":{"start":{"line":190,"column":1},"end":{"line":190,"column":50}},"117":{"start":{"line":192,"column":1},"end":{"line":192,"column":92}},"118":{"start":{"line":193,"column":1},"end":{"line":195,"column":2}},"119":{"start":{"line":194,"column":2},"end":{"line":194,"column":67}},"120":{"start":{"line":197,"column":1},"end":{"line":197,"column":41}},"121":{"start":{"line":198,"column":1},"end":{"line":198,"column":45}},"122":{"start":{"line":199,"column":1},"end":{"line":199,"column":43}},"123":{"start":{"line":200,"column":1},"end":{"line":200,"column":46}},"124":{"start":{"line":203,"column":1},"end":{"line":203,"column":32}},"125":{"start":{"line":204,"column":1},"end":{"line":204,"column":41}},"126":{"start":{"line":205,"column":1},"end":{"line":205,"column":38}},"127":{"start":{"line":206,"column":1},"end":{"line":208,"column":2}},"128":{"start":{"line":207,"column":2},"end":{"line":207,"column":26}},"129":{"start":{"line":210,"column":1},"end":{"line":223,"column":2}},"130":{"start":{"line":211,"column":2},"end":{"line":211,"column":46}},"131":{"start":{"line":212,"column":2},"end":{"line":219,"column":5}},"132":{"start":{"line":215,"column":4},"end":{"line":215,"column":50}},"133":{"start":{"line":220,"column":2},"end":{"line":220,"column":21}},"134":{"start":{"line":222,"column":2},"end":{"line":222,"column":199}},"135":{"start":{"line":225,"column":1},"end":{"line":225,"column":20}},"136":{"start":{"line":227,"column":1},"end":{"line":227,"column":32}},"137":{"start":{"line":228,"column":1},"end":{"line":230,"column":2}},"138":{"start":{"line":229,"column":2},"end":{"line":229,"column":49}},"139":{"start":{"line":233,"column":1},"end":{"line":233,"column":26}},"140":{"start":{"line":234,"column":1},"end":{"line":237,"column":2}},"141":{"start":{"line":235,"column":2},"end":{"line":235,"column":20}},"142":{"start":{"line":236,"column":2},"end":{"line":236,"column":25}},"143":{"start":{"line":239,"column":1},"end":{"line":273,"column":2}},"144":{"start":{"line":240,"column":2},"end":{"line":240,"column":58}},"145":{"start":{"line":241,"column":2},"end":{"line":241,"column":68}},"146":{"start":{"line":242,"column":2},"end":{"line":244,"column":3}},"147":{"start":{"line":243,"column":3},"end":{"line":243,"column":45}},"148":{"start":{"line":245,"column":2},"end":{"line":253,"column":3}},"149":{"start":{"line":246,"column":3},"end":{"line":252,"column":4}},"150":{"start":{"line":247,"column":4},"end":{"line":247,"column":36}},"151":{"start":{"line":248,"column":4},"end":{"line":250,"column":16}},"152":{"start":{"line":249,"column":5},"end":{"line":249,"column":40}},"153":{"start":{"line":251,"column":4},"end":{"line":251,"column":36}},"154":{"start":{"line":254,"column":2},"end":{"line":254,"column":55}},"155":{"start":{"line":256,"column":2},"end":{"line":256,"column":37}},"156":{"start":{"line":257,"column":2},"end":{"line":257,"column":43}},"157":{"start":{"line":258,"column":2},"end":{"line":262,"column":3}},"158":{"start":{"line":259,"column":3},"end":{"line":259,"column":52}},"159":{"start":{"line":260,"column":3},"end":{"line":260,"column":53}},"160":{"start":{"line":261,"column":3},"end":{"line":261,"column":35}},"161":{"start":{"line":264,"column":2},"end":{"line":264,"column":29}},"162":{"start":{"line":266,"column":2},"end":{"line":266,"column":68}},"163":{"start":{"line":267,"column":2},"end":{"line":267,"column":37}},"164":{"start":{"line":268,"column":2},"end":{"line":268,"column":20}},"165":{"start":{"line":269,"column":2},"end":{"line":269,"column":19}},"166":{"start":{"line":271,"column":2},"end":{"line":271,"column":144}},"167":{"start":{"line":272,"column":2},"end":{"line":272,"column":38}},"168":{"start":{"line":276,"column":0},"end":{"line":276,"column":7}}},"branchMap":{"1":{"line":28,"type":"if","locations":[{"start":{"line":28,"column":1},"end":{"line":28,"column":1}},{"start":{"line":28,"column":1},"end":{"line":28,"column":1}}]},"2":{"line":66,"type":"switch","locations":[{"start":{"line":67,"column":2},"end":{"line":70,"column":9}},{"start":{"line":71,"column":2},"end":{"line":73,"column":9}}]},"3":{"line":68,"type":"binary-expr","locations":[{"start":{"line":68,"column":42},"end":{"line":68,"column":52}},{"start":{"line":68,"column":56},"end":{"line":68,"column":58}}]},"4":{"line":88,"type":"if","locations":[{"start":{"line":88,"column":1},"end":{"line":88,"column":1}},{"start":{"line":88,"column":1},"end":{"line":88,"column":1}}]},"5":{"line":98,"type":"if","locations":[{"start":{"line":98,"column":1},"end":{"line":98,"column":1}},{"start":{"line":98,"column":1},"end":{"line":98,"column":1}}]},"6":{"line":108,"type":"if","locations":[{"start":{"line":108,"column":1},"end":{"line":108,"column":1}},{"start":{"line":108,"column":1},"end":{"line":108,"column":1}}]},"7":{"line":110,"type":"if","locations":[{"start":{"line":110,"column":3},"end":{"line":110,"column":3}},{"start":{"line":110,"column":3},"end":{"line":110,"column":3}}]},"8":{"line":121,"type":"if","locations":[{"start":{"line":121,"column":2},"end":{"line":121,"column":2}},{"start":{"line":121,"column":2},"end":{"line":121,"column":2}}]},"9":{"line":123,"type":"if","locations":[{"start":{"line":123,"column":4},"end":{"line":123,"column":4}},{"start":{"line":123,"column":4},"end":{"line":123,"column":4}}]},"10":{"line":130,"type":"if","locations":[{"start":{"line":130,"column":6},"end":{"line":130,"column":6}},{"start":{"line":130,"column":6},"end":{"line":130,"column":6}}]},"11":{"line":130,"type":"binary-expr","locations":[{"start":{"line":130,"column":10},"end":{"line":130,"column":25}},{"start":{"line":130,"column":29},"end":{"line":130,"column":48}}]},"12":{"line":133,"type":"if","locations":[{"start":{"line":133,"column":6},"end":{"line":133,"column":6}},{"start":{"line":133,"column":6},"end":{"line":133,"column":6}}]},"13":{"line":133,"type":"binary-expr","locations":[{"start":{"line":133,"column":10},"end":{"line":133,"column":19}},{"start":{"line":133,"column":23},"end":{"line":133,"column":36}}]},"14":{"line":152,"type":"if","locations":[{"start":{"line":152,"column":3},"end":{"line":152,"column":3}},{"start":{"line":152,"column":3},"end":{"line":152,"column":3}}]},"15":{"line":164,"type":"if","locations":[{"start":{"line":164,"column":2},"end":{"line":164,"column":2}},{"start":{"line":164,"column":2},"end":{"line":164,"column":2}}]},"16":{"line":169,"type":"if","locations":[{"start":{"line":169,"column":4},"end":{"line":169,"column":4}},{"start":{"line":169,"column":4},"end":{"line":169,"column":4}}]},"17":{"line":179,"type":"if","locations":[{"start":{"line":179,"column":1},"end":{"line":179,"column":1}},{"start":{"line":179,"column":1},"end":{"line":179,"column":1}}]},"18":{"line":182,"type":"if","locations":[{"start":{"line":182,"column":2},"end":{"line":182,"column":2}},{"start":{"line":182,"column":2},"end":{"line":182,"column":2}}]},"19":{"line":193,"type":"if","locations":[{"start":{"line":193,"column":1},"end":{"line":193,"column":1}},{"start":{"line":193,"column":1},"end":{"line":193,"column":1}}]},"20":{"line":206,"type":"if","locations":[{"start":{"line":206,"column":1}
[...]
ode/app/require.js","s":{"1":1,"2":1,"3":1,"4":1,"5":1,"6":1,"7":1,"8":0,"9":0,"10":0,"11":0,"12":0,"13":0,"14":0,"15":0,"16":0,"17":1,"18":155,"19":155,"20":0,"21":0,"22":0,"23":0,"24":0,"25":0,"26":0,"27":0,"28":0,"29":0,"30":0,"31":0,"32":0,"33":0,"34":0,"35":0,"36":0,"37":0,"38":155,"39":140},"b":{"1":[0,0],"2":[0,155],"3":[155,155],"4":[0,0],"5":[0,0],"6":[0,0]},"f":{"1":0,"2":155},"fnMap":{"1":{"name":"(anonymous_1)","line":12,"loc":{"start":{"line":12,"column":28},"end":{"line":12,"column":42}}},"2":{"name":"require","line":31,"loc":{"start":{"line":31,"column":27},"end":{"line":31,"column":50}}}},"statementMap":{"1":{"start":{"line":2,"column":0},"end":{"line":2,"column":23}},"2":{"start":{"line":3,"column":0},"end":{"line":3,"column":27}},"3":{"start":{"line":4,"column":0},"end":{"line":4,"column":25}},"4":{"start":{"line":5,"column":0},"end":{"line":5,"column":20}},"5":{"start":{"line":6,"column":0},"end":{"line":6,"column":31}},"6":{"start":{"line":9,"column":0},"end":{"line":9,"column":40}},"7":{"start":{"line":12,"column":0},"end":{"line":29,"column":2}},"8":{"start":{"line":13,"column":1},"end":{"line":13,"column":17}},"9":{"start":{"line":14,"column":1},"end":{"line":14,"column":13}},"10":{"start":{"line":16,"column":1},"end":{"line":25,"column":2}},"11":{"start":{"line":18,"column":2},"end":{"line":18,"column":35}},"12":{"start":{"line":19,"column":2},"end":{"line":24,"column":3}},"13":{"start":{"line":20,"column":3},"end":{"line":20,"column":15}},"14":{"start":{"line":21,"column":3},"end":{"line":21,"column":12}},"15":{"start":{"line":23,"column":3},"end":{"line":23,"column":9}},"16":{"start":{"line":27,"column":1},"end":{"line":27,"column":15}},"17":{"start":{"line":31,"column":0},"end":{"line":67,"column":2}},"18":{"start":{"line":32,"column":1},"end":{"line":32,"column":19}},"19":{"start":{"line":35,"column":1},"end":{"line":65,"column":2}},"20":{"start":{"line":36,"column":2},"end":{"line":36,"column":63}},"21":{"start":{"line":37,"column":2},"end":{"line":62,"column":3}},"22":{"start":{"line":38,"column":3},"end":{"line":38,"column":32}},"23":{"start":{"line":39,"column":3},"end":{"line":39,"column":60}},"24":{"start":{"line":40,"column":3},"end":{"line":40,"column":32}},"25":{"start":{"line":43,"column":3},"end":{"line":43,"column":53}},"26":{"start":{"line":44,"column":3},"end":{"line":46,"column":4}},"27":{"start":{"line":45,"column":4},"end":{"line":45,"column":90}},"28":{"start":{"line":47,"column":3},"end":{"line":49,"column":4}},"29":{"start":{"line":48,"column":4},"end":{"line":48,"column":27}},"30":{"start":{"line":50,"column":3},"end":{"line":50,"column":52}},"31":{"start":{"line":52,"column":3},"end":{"line":52,"column":60}},"32":{"start":{"line":53,"column":3},"end":{"line":53,"column":35}},"33":{"start":{"line":55,"column":3},"end":{"line":55,"column":75}},"34":{"start":{"line":56,"column":6},"end":{"line":56,"column":41}},"35":{"start":{"line":58,"column":3},"end":{"line":60,"column":4}},"36":{"start":{"line":59,"column":4},"end":{"line":59,"column":28}},"37":{"start":{"line":61,"column":3},"end":{"line":61,"column":22}},"38":{"start":{"line":64,"column":5},"end":{"line":64,"column":40}},"39":{"start":{"line":66,"column":1},"end":{"line":66,"column":15}}},"branchMap":{"1":{"line":19,"type":"if","locations":[{"start":{"line":19,"column":2},"end":{"line":19,"column":2}},{"start":{"line":19,"column":2},"end":{"line":19,"column":2}}]},"2":{"line":35,"type":"if","locations":[{"start":{"line":35,"column":1},"end":{"line":35,"column":1}},{"start":{"line":35,"column":1},"end":{"line":35,"column":1}}]},"3":{"line":35,"type":"binary-expr","locations":[{"start":{"line":35,"column":5},"end":{"line":35,"column":49}},{"start":{"line":35,"column":53},"end":{"line":35,"column":82}}]},"4":{"line":39,"type":"cond-expr","locations":[{"start":{"line":39,"column":38},"end":{"line":39,"column":42}},{"start":{"line":39,"column":45},"end":{"line":39,"column":58}}]},"5":{"line":44,"type":"if","locations":[{"start":{"line":44,"column":3},"end":{"line":44,"column":3}},{"start":{"line":44,"column":3},"end":{"line":44,"column":3}}]},"6":{"line":58,"type":"if","locations":[{"start":{"line":58,"column":3},"end":{"line":58,"column":3}},{"start":{"line":58,"column":3},"end":{"line":58,"column":3}}]}},"code":["//var fs = require(\"fs\");","var fs = require(\"fs\");","var path = require(\"path\");","var NMP = require(\"nmp\");","var nmp = new NMP();","var Module = require('module');","","// keep a copy of original require function","var _require = Module.prototype.require;","","","var checkNodeModulesLevel = function(dir) {","\tvar result = -1;","\tvar p = dir;","","\twhile( path.basename(p) !== \"node_modules\" ){","\t\t// can it go back?","\t\tvar newPath = path.join(p, \"..\");","\t\tif (newPath !== p){","\t\t\tp = newPath;","\t\t\tresult++;","\t\t} else {","\t\t\tbreak;","\t\t}","\t}","","\treturn result;","","};","","Module.prototype.require = function require(name) {","\tvar result = null;","","\t// test if native module should be loaded.","\tif (path.extname(name).toLowerCase() === \".node\" || fs.existsSync(name + \".node\")){","\t\tconsole.groupCollapsed(\"ironNode require(\\\"\" + name + \"\\\")\");","\t\ttry{","\t\t\tvar fn = path.basename(name);","\t\t\tvar fn2 = (path.isAbsolute(name) ? name : this.filename);","\t\t\tvar p = path.join(fn2, \"..\");","","\t\t\t/*jump back to nearest node_modules*/","\t\t\tvar nodeModulesLevel = checkNodeModulesLevel(fn2);","\t\t\tif (nodeModulesLevel === -1){","\t\t\t\tthrow \"native+ fallback for `\" + name + \"` failed! You can try `iron-node --compile`\";","\t\t\t}","\t\t\tfor (var lvl = 0; lvl < nodeModulesLevel-1; lvl++) {","\t\t\t\tp = path.join(p, \"..\");","\t\t\t}","\t\t\tp = path.join(p, \"bin\", nmp.versionString(), fn);","","\t\t\tconsole.warn(\"try native+ method `require(\" + p + \");`\");","\t\t\tresult = _require.call(this, p);","\t\t} catch(e) {","\t\t\tconsole.error(\"error while `require(\" + path.basename(name) + \");`\", e);","    \t\tresult = _require.call(this, name);","\t\t} finally {","\t\t\tif (result !== null){","\t\t\t\tconsole.info(\"success\");","\t\t\t}","\t\t\tconsole.groupEnd();","\t\t}","\t} else {","    \tresult = _require.call(this, name);","\t}","\treturn result;","};",""],"l":{"2":1,"3":1,"4":1,"5":1,"6":1,"9":1,"12":1,"13":0,"14":0,"16":0,"18":0,"19":0,"20":0,"21":0,"23":0,"27":0,"31":1,"32":112,"35":112,"36":0,"37":0,"38":0,"39":0,"40":0,"43":0,"44":0,"45":0,"47":0,"48":0,"50":0,"52":0,"53":0,"55":0,"56":0,"58":0,"59":0,"61":0,"64":112,"66":97}},"/home/travis/build/npmtest/node-npmtest-iron-node/node_modules/iron-node/app/devtools-extension/background.js":{"path":"/home/travis/build/npmtest/node-npmtest-iron-node/node_modules/iron-node/app/devtools-extension/background.js","s":{"1":2,"2":0,"3":0,"4":0,"5":0,"6":0,"7":0,"8":0,"9":0,"10":0,"11":0,"12":0,"13":0,"14":0,"15":0,"16":0,"17":0,"18":0},"b":{"1":[0,0],"2":[0,0],"3":[0,0],"4":[0,0]},"f":{"1":0,"2":0,"3":0,"4":0,"5":0},"fnMap":{"1":{"name":"(anonymous_1)","line":10,"loc":{"start":{"line":10,"column":39},"end":{"line":10,"column":55}}},"2":{"name":"(anonymous_2)","line":12,"loc":{"start":{"line":12,"column":28},"end":{"line":12,"column":69}}},"3":{"name":"(anonymous_3)","line":40,"loc":{"start":{"line":40,"column":34},"end":{"line":40,"column":49}}},"4":{"name":"(anonymous_4)","line":49,"loc":{"start":{"line":49,"column":37},"end":{"line":49,"column":77}}},"5":{"name":"(anonymous_5)","line":54,"loc":{"start":{"line":54,"column":38},"end":{"line":54,"column":56}}}},"statementMap":{"1":{"start":{"line":10,"column":0},"end":{"line":48,"column":3}},"2":{"start":{"line":12,"column":4},"end":{"line":35,"column":5}},"3":{"start":{"line":14,"column":8},"end":{"line":33,"column":9}},"4":{"start":{"line":17,"column":16},"end":{"line":27,"column":17}},"5":{"start":{"line":18,"column":20},"end":{"line":18,"column":86}},"6":{"start":{"line":21,"column":23},"end":{"line":27,"column":17}},"7":{"start":{"line":22,"column":20},"end":{"line":22,"column":86}},"8":{"start":{"line":26,"column":20},"end":{"line":26,"column":82}},"9":{"start":{"line":32,"column":12},"end":{"line":32,"column":38}},"10":{"start":{"line":34,"column":8},"end":{"line":34,"column":30}},"11":{"start":{"line":38,"column":4},"end":{"line":38,"column":62}},"12":{"start":{"line":40,"column":4},"end":{"line":42,"column":7}},"13":{"start":{"line":41,"column":8},"end":{"line":41,"column":69}},"14":{"start":{"line":49,"column":0},"end":{"line":52,"column":3}},"15":{"start":{"line":50,"column":4},"end":{"line":50,"column":47}},"16":{"start":{"line":51,"column":4},"end":{"line":51,"column":16}},"17":{"start":{"line":54,"column":0},"end":{"line":56,"column":3}},"18":{"start":{"line":55,"column":4},"end":{"line":55,"column":25}}},"branchMap":{"1":{"line":14,"type":"if","locations":[{"start":{"line":14,"column":8},"end":{"line":14,"column":8}},{"start":{"line":14,"column":8},"end":{"line":14,"column":8}}]},"2":{"line":14,"type":"binary-expr","locations":[{"start":{"line":14,"column":11},"end":{"line":14,"column":24}},{"start":{"line":14,"column":28},"end":{"line":14,"column":43}}]},"3":{"line":17,"type":"if","locations":[{"start":{"line":17,"column":16},"end":{"line":17,"column":16}},{"start":{"line":17,"column":16},"end":{"line":17,"column":16}}]},"4":{"line":21,"type":"if","locations":[{"start":{"line":21,"column":23},"end":{"line":21,"column":23}},{"start":{"line":21,"column":23},"end":{"line":21,"column":23}}]}},"code":["// Chrome automatically creates a background.html page for this to execute.","// This can access the inspected page via executeScript","// ","// Can use:","// chrome.tabs.*","// chrome.extension.*",""," ","","chrome.extension.onConnect.addListener(function (port) {","","    var extensionListener = function (message, sender, sendResponse) {","","        if(message.tabId && message.content) {","","                //Evaluate script in inspectedPage","                if(message.action === 'code') {","                    chrome.tabs.executeScript(message.tabId, {code: message.content});","","                //Attach script to inspectedPage","                } else if(message.action === 'script') {","                    chrome.tabs.executeScript(message.tabId, {file: message.content});","","                //Pass message to inspectedPage","                } else {","                    chrome.tabs.sendMessage(message.tabId, message, sendResponse);","                }","","        // This accepts messages from the inspectedPage and ","        // sends them to the panel","        } else {","            port.postMessage(message);","        }","        sendResponse(message);","    }","","    // Listens to messages sent from the panel","    chrome.extension.onMessage.addListener(extensionListener);","","    port.onDisconnect.addListener(function(port) {","        chrome.extension.onMessage.removeListener(extensionListener);","    });","","    // port.onMessage.addListener(function (message) {","    //     port.postMessage(message);","    // });","","});","chrome.runtime.onMessage.addListener(function(request, sender, sendResponse) {","    console.log(request, sender, sendResponse);","    return true;","});","","chrome.commands.onCommand.addListener(function(command) {","    console.log(command);","});","    "],"l":{"10":2,"12":0,"14":0,"17":0,"18":0,"21":0,"22":0,"26":0,"32":0,"34":0,"38":0,"40":0,"41":0,"49":0,"50":0,"51":0,"54":0,"55":0}},"/home/travis/build/npmtest/node-npmtest-iron-node/node_modules/iron-node/app/devtools-extension/devtools.js":{"path":"/home/travis/build/npmtest/node-npmtest-iron-node/node_modules/iron-node/app/devtools-extension/devtools.js","s":{"1":2,"2":1,"3":0,"4":0,"5":0,"6":0},"b":{"1":[0,0],"2":[0,0]},"f":{"1":0,"2":0},"fnMap":{"1":{"name":"(anonymous_1)","line":6,"loc":{"start":{"line":6,"column":68},"end":{"line":6,"column":84}}},"2":{"name":"doc_keyUp","line":10,"loc":{"start":{"line":10,"column":0},"end":{"line":10,"column":22}}}},"statementMap":{"1":{"start":{"line":6,"column":0},"end":{"line":6,"column":88}},"2":{"start":{"line":10,"column":0},"end":{"line":17,"column":1}},"3":{"start":{"line":11,"column":4},"end":{"line":11,"column":14}},"4":{"start":{"line":13,"column":4},"end":{"line":16,"column":5}},"5":{"start":{"line":15,"column":8},"end":{"line":15,"column":21}},"6":{"start":{"line":19,"column":0},"end":{"line":19,"column":53}}},"branchMap":{"1":{"line":13,"type":"if","locations":[{"start":{"line":13,"column":4},"end":{"line":13,"column":4}},{"start":{"line":13,"column":4},"end":{"line":13,"column":4}}]},"2":{"line":13,"type":"binary-expr","locations":[{"start":{"line":13,"column":8},"end":{"line":13,"column":17}},{"start":{"line":13,"column":21},"end":{"line":13,"column":36}}]}},"code":["// Can use","// chrome.devtools.*","// chrome.extension.*","","// Create a tab in the devtools area","chrome.devtools.panels.create(\"ironNode\", \"icon.png\", \"panel.html\", function(panel) {});","","","","function doc_keyUp(e) {","    alert(\"a\")","    // this would test for whichever key is 40 and the ctrl key at the same time","    if (e.ctrlKey && e.keyCode == 65) {","        // call your function to do the thing","        pauseSound();","    }","}"," ","document.addEventListener('keyup', doc_keyUp, false);"],"l":{"6":2,"10":1,"11":0,"13":0,"15":0,"19":0}},"/home/travis/build/npmtest/node-npmtest-iron-node/node_modules/iron-node/app/devtools-extension/inserted-script.js":{"path":"/home/travis/build/npmtest/node-npmtest-iron-node/node_modules/iron-node/app/devtools-extension/inserted-script.js","s":{"1":1,"2":1,"3":1},"b":{},"f":{"1":1},"fnMap":{"1":{"name":"inserted","line":2,"loc":{"start":{"line":2,"column":0},"end":{"line":2,"column":20}}}},"statementMap":{"1":{"start":{"line":2,"column":0},"end":{"line":4,"column":1}},"2":{"start":{"line":3,"column":1},"end":{"line":3,"column":41}},"3":{"start":{"line":5,"column":0},"end":{"line":5,"column":11}}},"branchMap":{},"code":["// This is included and executed in the inspected page","function inserted() {","\tconsole.log('External script attached');","}","inserted();"],"l":{"2":1,"3":1,"5":1}},"/home/travis/build/npmtest/node-npmtest-iron-node/node_modules/iron-node/app/devtools-extension/messageback-script.js":{"path":"/home/travis/build/npmtest/node-npmtest-iron-node/node_modules/iron-node/app/devtools-extension/messageback-script.js","s":{"1":2,"2":0,"3":1,"4":0},"b":{},"f":{"1":0,"2":0,"3":0},"fnMap":{"1":{"name":"(anonymous_1)","line":4,"loc":{"start":{"line":4,"column":59},"end":{"line":4,"column":70}}},"2":{"name":"sendObjectToDevTools","line":7,"loc":{"start":{"line":7,"column":0},"end":{"line":7,"column":39}}},"3":{"name":"(anonymous_3)","line":9,"loc":{"start":{"line":9,"column":42},"end":{"line":9,"column":59}}}},"statementMap":{"1":{"start":{"line":4,"column":0},"end":{"line":6,"column":3}},"2":{"start":{"line":5,"column":4},"end":{"line":5,"column":55}},"3":{"start":{"line":7,"column":0},"end":{"line":10,"column":1}},"4":{"start":{"line":9,"column":4},"end":{"line":9,"column":63}}},"branchMap":{},"code":["// document.querySelector('button').addEventListener('click', function() {","//  chrome.extension.sendMessage({action: 'message', content:\"Changed by page\"}, function(message){});","// });","document.querySelector('button').addEventListener('click', function() {","    sendObjectToDevTools({content: \"Changed by page\"});","});","function sendObjectToDevTools(message) {","    // The callback here can be used to execute something on receipt","    chrome.extension.sendMessage(message, function(message){});","}"],"l":{"4":2,"5":0,"7":1,"9":0}},"/home/travis/build/npmtest/node-npmtest-iron-node/node_modules/iron-node/app/devtools-extension/messaging.js":{"path":"/home/travis/build/npmtest/node-npmtest-iron-node/node_modules/iron-node/app/devtools-extension/messaging.js","s":{"1":2,"2":2,"3":0,"4":0,"5":1,"6":0,"7":0},"b":{},"f":{"1":2,"2":0,"3":0},"fnMap":{"1":{"name":"createChannel","line":11,"loc":{"start":{"line":11,"column":1},"end":{"line":11,"column":26}}},"2":{"name":"(anonymous_2)","line":18,"loc":{"start":{"line":18,"column":31},"end":{"line":18,"column":50}}},"3":{"name":"sendObjectToInspectedPage","line":27,"loc":{"start":{"line":27,"column":0},"end":{"line":27,"column":44}}}},"statementMap":{"1":{"start":{"line":11,"column":0},"end":{"line":23,"column":5}},"2":{"start":{"line":13,"column":4},"end":{"line":15,"column":7}},"3":{"start":{"line":18,"column":4},"end":{"line":21,"column":7}},"4":{"start":{"line":19,"column":6},"end":{"line":19,"column":81}},"5":{"start":{"line":27,"column":0},"end":{"line":30,"column":1}},"6":{"start":{"line":28,"column":4},"end":{"line":28,"column":58}},"7":{"start":{"line":29,"column":4},"end":{"line":29,"column":42}}},"branchMap":{},"code":["// This creates and maintains the communication channel between","// the inspectedPage and the dev tools panel.","//","// In this example, messages are JSON objects","// {","//   action: ['code'|'script'|'message'], // What action to perform on the inspected page","//   content: [String|Path to script|Object], // data to be passed through","//   tabId: [Automatically added]","// }","","(function createChannel() {","    //Create a port with background page for continous message communication","    var port = chrome.extension.connect({","        name: \"Sample Communication\" //Given a Name","    });","","    // Listen to messages from the background page","    port.onMessage.addListener(function (message) {","      document.querySelector('#insertmessagebutton').innerHTML = message.content;","      // port.postMessage(message);","    });","","}());","","// This sends an object to the background page ","// where it can be relayed to the inspected page","function sendObjectToInspectedPage(message) {","    message.tabId = chrome.devtools.inspectedWindow.tabId;","    chrome.extension.sendMessage(message);","}"],"l":{"11":2,"13":2,"18":0,"19":0,"27":1,"28":0,"29":0}},"/home/travis/build/npmtest/node-npmtest-iron-node/node_modules/iron-node/app/devtools-extension/panel.js":{"path":"/home/travis/build/npmtest/node-npmtest-iron-node/node_modules/iron-node/app/devtools-extension/panel.js","s":{"1":2,"2":0,"3":0,"4":0,"5":0,"6":0,"7":0},"b":{},"f":{"1":0,"2":0,"3":0},"fnMap":{"1":{"name":"(anonymous_1)","line":9,"loc":{"start":{"line":9,"column":67},"end":{"line":9,"column":78}}},"2":{"name":"(anonymous_2)","line":13,"loc":{"start":{"line":13,"column":66},"end":{"line":13,"column":77}}},"3":{"name":"(anonymous_3)","line":17,"loc":{"start":{"line":17,"column":73},"end":{"line":17,"column":84}}}},"statementMap":{"1":{"start":{"line":9,"column":0},"end":{"line":11,"column":10}},"2":{"start":{"line":10,"column":4},"end":{"line":10,"column":76}},"3":{"start":{"line":13,"column":0},"end":{"line":15,"column":10}},"4":{"start":{"line":14,"column":4},"end":{"line":14,"column":81}},"5":{"start":{"line":17,"column":0},"end":{"line":20,"column":10}},"6":{"start":{"line":18,"column":4},"end":{"line":18,"column":128}},"7":{"start":{"line":19,"column":4},"end":{"line":19,"column":84}}},"branchMap":{},"code":["// This one acts in the context of the panel in the Dev Tools","//","// Can use","// chrome.devtools.*","// chrome.extension.*",""," ","","document.querySelector('#executescript').addEventListener('click', function() {","    sendObjectToInspectedPage({action: \"code\", content: \"window.close();\"});","}, false);","","document.querySelector('#insertscript').addEventListener('click', function() {","    sendObjectToInspectedPage({action: \"script\", content: \"inserted-script.js\"});","}, false);","","document.querySelector('#insertmessagebutton').addEventListener('click', function() {","    sendObjectToInspectedPage({action: \"code\", content: \"document.body.innerHTML='<button>Send message to DevTools</button>'\"});","    sendObjectToInspectedPage({action: \"script\", content: \"messageback-script.js\"});","}, false);"],"l":{"9":2,"10":0,"13":0,"14":0,"17":0,"18":0,"19":0}}}